PRT1
130
350
4 0 26 (1024 891 64 ) (1024 891 55.154499 ) (1024 890 55.154499 ) (1024 890 64 ) 
4 0 21 (1024 891 424 ) (1024 891 64 ) (1024 890 64 ) (1024 890 424 ) 
4 0 10 (1024 890 2319.850098 ) (1024 891 2319.850098 ) (1024 891 424 ) (1024 890 424 ) 
4 0 2 (1376 890 192 ) (1376 890 2319.850098 ) (1024 890 2319.850098 ) (1024 890 192 ) 
4 0 3 (1024 890 55.154499 ) (1376 890 55.154499 ) (1376 890 56 ) (1024 890 56 ) 
4 0 1 (1376 890 55.154499 ) (1376.959961 890 55.154499 ) (1376.959961 890 2319.850098 ) (1376 890 2319.850098 ) 
4 1 7 (1376 874 64 ) (1376 874 55.154499 ) (1376.959961 874 55.154499 ) (1376.959961 874 64 ) 
4 1 4 (1376.959961 874 2319.850098 ) (1376 874 2319.850098 ) (1376 874 64 ) (1376.959961 874 64 ) 
4 1 2 (1376 890 2319.850098 ) (1376 890 192 ) (1376 874 192 ) (1376 874 2319.850098 ) 
4 1 3 (1376 890 56 ) (1376 890 55.154499 ) (1376 874 55.154499 ) (1376 874 56 ) 
4 2 22 (1024 874 192 ) (1024 874 424 ) (1024 890 424 ) (1024 890 192 ) 
4 2 10 (1024 874 424 ) (1024 874 2319.850098 ) (1024 890 2319.850098 ) (1024 890 424 ) 
4 2 5 (1376 874 2319.850098 ) (1360 874 2319.850098 ) (1360 874 192 ) (1376 874 192 ) 
4 2 6 (1360 874 2319.850098 ) (1024 874 2319.850098 ) (1024 874 192 ) (1360 874 192 ) 
4 3 27 (1024 874 55.154499 ) (1024 874 56 ) (1024 890 56 ) (1024 890 55.154499 ) 
4 3 9 (1024 874 56 ) (1024 874 55.154499 ) (1360 874 55.154499 ) (1360 874 56 ) 
4 3 8 (1360 874 55.154499 ) (1376 874 55.154499 ) (1376 874 56 ) (1360 874 56 ) 
4 4 29 (1376.959961 0 2319.850098 ) (1376 0 2319.850098 ) (1376 0 64 ) (1376.959961 0 64 ) 
4 4 7 (1376 874 64 ) (1376.959961 874 64 ) (1376.959961 0 64 ) (1376 0 64 ) 
4 4 5 (1376 0 192 ) (1376 0 2319.850098 ) (1376 874 2319.850098 ) (1376 874 192 ) 
4 5 30 (1376 0 2319.850098 ) (1360 0 2319.850098 ) (1360 0 192 ) (1376 0 192 ) 
4 5 6 (1360 0 192 ) (1360 0 2319.850098 ) (1360 874 2319.850098 ) (1360 874 192 ) 
4 6 31 (1360 0 2319.850098 ) (1024 0 2319.850098 ) (1024 0 64 ) (1360 0 64 ) 
4 6 24 (1024 0 64 ) (1024 0 192 ) (1024 874 192 ) (1024 874 64 ) 
4 6 23 (1024 0 192 ) (1024 0 424 ) (1024 874 424 ) (1024 874 192 ) 
4 6 12 (1024 0 424 ) (1024 0 680 ) (1024 310 680 ) (1024 310 424 ) 
4 6 11 (1024 0 680 ) (1024 0 2319.850098 ) (1024 310 2319.850098 ) (1024 310 680 ) 
4 6 10 (1024 310 2319.850098 ) (1024 874 2319.850098 ) (1024 874 424 ) (1024 310 424 ) 
4 7 32 (1376.959961 0 64 ) (1376 0 64 ) (1376 0 55.154499 ) (1376.959961 0 55.154499 ) 
4 7 8 (1376 874 55.154499 ) (1376 0 55.154499 ) (1376 0 56 ) (1376 874 56 ) 
4 8 33 (1360 0 56 ) (1360 0 55.154499 ) (1376 0 55.154499 ) (1376 0 56 ) 
4 8 9 (1360 0 55.154499 ) (1360 0 56 ) (1360 874 56 ) (1360 874 55.154499 ) 
4 9 34 (1360 0 55.154499 ) (1360 0 56 ) (1024 0 56 ) (1024 0 55.154499 ) 
4 9 28 (1024 0 55.154499 ) (1024 0 56 ) (1024 874 56 ) (1024 874 55.154499 ) 
4 10 23 (256 874 424 ) (1024 874 424 ) (1024 310 424 ) (256 310 424 ) 
4 10 22 (224 874 424 ) (224 890 424 ) (1024 890 424 ) (1024 874 424 ) 
4 10 21 (224 890 424 ) (224 891 424 ) (1024 891 424 ) (1024 890 424 ) 
4 10 14 (224 891 424 ) (224 310 424 ) (224 310 2319.850098 ) (224 891 2319.850098 ) 
4 10 13 (224 310 680 ) (224 310 424 ) (234 310 424 ) (234 310 680 ) 
4 10 12 (234 310 424 ) (1024 310 424 ) (1024 310 680 ) (234 310 680 ) 
4 10 11 (224 310 2319.850098 ) (224 310 680 ) (1024 310 680 ) (1024 310 2319.850098 ) 
4 11 39 (1024 0 680 ) (1024 0 2319.850098 ) (224 0 2319.850098 ) (224 0 680 ) 
4 11 19 (224 52 2319.850098 ) (224 56 2319.850098 ) (224 56 680 ) (224 52 680 ) 
4 11 17 (224 56 2319.850098 ) (224 272 2319.850098 ) (224 272 680 ) (224 56 680 ) 
4 11 20 (224 0 680 ) (224 0 2319.850098 ) (224 52 2319.850098 ) (224 52 680 ) 
4 11 16 (224 272 2319.850098 ) (224 276 2319.850098 ) (224 276 680 ) (224 272 680 ) 
4 11 14 (224 276 2319.850098 ) (224 310 2319.850098 ) (224 310 680 ) (224 276 680 ) 
4 11 13 (234 0 680 ) (224 0 680 ) (224 310 680 ) (234 310 680 ) 
4 11 12 (1024 0 680 ) (234 0 680 ) (234 310 680 ) (1024 310 680 ) 
4 12 40 (1024 0 424 ) (1024 0 680 ) (234 0 680 ) (234 0 424 ) 
4 12 23 (1024 0 424 ) (256 0 424 ) (256 310 424 ) (1024 310 424 ) 
4 12 13 (234 0 680 ) (234 310 680 ) (234 310 424 ) (234 0 424 ) 
4 13 41 (234 0 680 ) (224 0 680 ) (224 0 424 ) (234 0 424 ) 
4 13 19 (224 52 638 ) (224 52 680 ) (224 56 680 ) (224 56 638 ) 
4 13 18 (224 56 424 ) (224 52 424 ) (224 52 626.408020 ) (224 56 626.408020 ) 
4 13 17 (224 272 424 ) (224 56 424 ) (224 56 680 ) (224 272 680 ) 
4 13 20 (224 52 424 ) (224 0 424 ) (224 0 680 ) (224 52 680 ) 
4 13 16 (224 272 638 ) (224 272 680 ) (224 276 680 ) (224 276 638 ) 
4 13 15 (224 276 424 ) (224 272 424 ) (224 272 626.408020 ) (224 276 626.408020 ) 
4 13 14 (224 310 424 ) (224 276 424 ) (224 276 680 ) (224 310 680 ) 
4 14 66 (0 276 2319.850098 ) (0 280 2319.850098 ) (0 280 424 ) (0 276 424 ) 
4 14 64 (0 280 2319.850098 ) (0 891 2319.850098 ) (0 891 424 ) (0 280 424 ) 
4 14 22 (0 874 424 ) (0 890 424 ) (224 890 424 ) (224 874 424 ) 
4 14 21 (0 890 424 ) (0 891 424 ) (224 891 424 ) (224 890 424 ) 
6 14 16 (0 276 424 ) (24 276 424 ) (30 276 429.135895 ) (224 276 638 ) (224 276 2319.850098 ) (0 276 2319.850098 ) 
3 14 15 (36 276 424 ) (224 276 424 ) (224 276 626.408020 ) 
3 15 17 (36 272 424 ) (224 272 424 ) (224 272 626.408020 ) 
4 16 67 (0 272 2319.850098 ) (0 276 2319.850098 ) (0 276 424 ) (0 272 424 ) 
6 16 17 (0 272 424 ) (24 272 424 ) (30 272 429.135895 ) (224 272 638 ) (224 272 2319.850098 ) (0 272 2319.850098 ) 
4 17 67 (0 56 2319.850098 ) (0 272 2319.850098 ) (0 272 424 ) (0 56 424 ) 
6 17 19 (0 56 424 ) (24 56 424 ) (30 56 429.135864 ) (224 56 638 ) (224 56 2319.850098 ) (0 56 2319.850098 ) 
3 17 18 (36 56 424 ) (224 56 424 ) (224 56 626.408020 ) 
3 18 20 (36 52 424 ) (224 52 424 ) (224 52 626.408020 ) 
4 19 69 (0 52 2319.850098 ) (0 56 2319.850098 ) (0 56 424 ) (0 52 424 ) 
6 19 20 (0 52 424 ) (24 52 424 ) (30 52 429.135864 ) (224 52 638 ) (224 52 2319.850098 ) (0 52 2319.850098 ) 
4 20 70 (0 0 424 ) (0 0 2319.850098 ) (0 52 2319.850098 ) (0 52 424 ) 
4 20 43 (224 0 2319.850098 ) (0 0 2319.850098 ) (0 0 424 ) (224 0 424 ) 
4 21 75 (0 890 424 ) (0 891 424 ) (0 891 64 ) (0 890 64 ) 
4 21 26 (1024 891 64 ) (1024 890 64 ) (0 890 64 ) (0 891 64 ) 
4 21 22 (1024 890 192 ) (1024 890 424 ) (0 890 424 ) (0 890 192 ) 
4 22 76 (0 874 424 ) (0 890 424 ) (0 890 192 ) (0 874 192 ) 
4 22 23 (1024 874 192 ) (1024 874 424 ) (256 874 424 ) (256 874 192 ) 
4 23 47 (1024 0 192 ) (1024 0 424 ) (256 0 424 ) (256 0 192 ) 
4 23 24 (1024 0 192 ) (256 0 192 ) (256 874 192 ) (1024 874 192 ) 
4 24 50 (1024 0 64 ) (1024 0 184 ) (256 0 184 ) (256 0 64 ) 
4 24 48 (1024 0 184 ) (1024 0 192 ) (256 0 192 ) (256 0 184 ) 
4 24 25 (256 0 192 ) (256 245.421997 192 ) (256 245.421997 64 ) (256 0 64 ) 
4 25 78 (0 0 64 ) (0 0 192 ) (0 245.421997 192 ) (0 245.421997 64 ) 
4 25 57 (0 0 108 ) (0 0 64 ) (46 0 64 ) (46 0 108 ) 
4 25 56 (46 0 64 ) (96 0 64 ) (96 0 108 ) (46 0 108 ) 
4 25 53 (0 0 184 ) (0 0 108 ) (52 0 108 ) (52 0 184 ) 
4 25 52 (52 0 108 ) (96 0 108 ) (96 0 184 ) (52 0 184 ) 
4 25 51 (96 0 64 ) (256 0 64 ) (256 0 184 ) (96 0 184 ) 
4 25 49 (256 0 192 ) (0 0 192 ) (0 0 184 ) (256 0 184 ) 
4 26 80 (0 890 64 ) (0 891 64 ) (0 891 55.154499 ) (0 890 55.154499 ) 
4 26 27 (0 890 55.154499 ) (1024 890 55.154499 ) (1024 890 56 ) (0 890 56 ) 
4 27 81 (0 874 55.154499 ) (0 874 56 ) (0 890 56 ) (0 890 55.154499 ) 
4 27 28 (0 874 56 ) (0 874 55.154499 ) (1024 874 55.154499 ) (1024 874 56 ) 
4 28 82 (0 0 55.154499 ) (0 0 56 ) (0 874 56 ) (0 874 55.154499 ) 
4 28 61 (1024 0 55.154499 ) (1024 0 56 ) (0 0 56 ) (0 0 55.154499 ) 
4 29 35 (1376.959961 -768 2319.850098 ) (1376 -768 2319.850098 ) (1376 -768 64 ) (1376.959961 -768 64 ) 
4 29 32 (1376.959961 -768 64 ) (1376 -768 64 ) (1376 0 64 ) (1376.959961 0 64 ) 
4 29 30 (1376 -768 192 ) (1376 -768 2319.850098 ) (1376 0 2319.850098 ) (1376 0 192 ) 
4 30 36 (1376 -768 2319.850098 ) (1360 -768 2319.850098 ) (1360 -768 192 ) (1376 -768 192 ) 
4 30 31 (1360 -768 192 ) (1360 -768 2319.850098 ) (1360 0 2319.850098 ) (1360 0 192 ) 
4 31 50 (1024 0 184 ) (1024 0 64 ) (1024 -768 64 ) (1024 -768 184 ) 
4 31 48 (1024 0 192 ) (1024 0 184 ) (1024 -768 184 ) (1024 -768 192 ) 
4 31 47 (1024 0 424 ) (1024 0 192 ) (1024 -768 192 ) (1024 -768 424 ) 
4 31 40 (1024 0 680 ) (1024 0 424 ) (1024 -202 424 ) (1024 -202 680 ) 
4 31 42 (1024 -202 424 ) (1024 -768 424 ) (1024 -768 680 ) (1024 -202 680 ) 
4 31 39 (1024 0 2319.850098 ) (1024 0 680 ) (1024 -768 680 ) (1024 -768 2319.850098 ) 
4 31 36 (1360 -768 2319.850098 ) (1024 -768 2319.850098 ) (1024 -768 192 ) (1360 -768 192 ) 
4 32 35 (1376.959961 -768 64 ) (1376 -768 64 ) (1376 -768 55.154499 ) (1376.959961 -768 55.154499 ) 
4 32 33 (1376 0 55.154499 ) (1376 -768 55.154499 ) (1376 -768 56 ) (1376 0 56 ) 
4 33 37 (1360 -768 56 ) (1360 -768 55.154499 ) (1376 -768 55.154499 ) (1376 -768 56 ) 
4 33 34 (1360 -768 55.154499 ) (1360 -768 56 ) (1360 0 56 ) (1360 0 55.154499 ) 
4 34 61 (1024 0 56 ) (1024 0 55.154499 ) (1024 -768 55.154499 ) (1024 -768 56 ) 
4 34 37 (1360 -768 55.154499 ) (1360 -768 56 ) (1024 -768 56 ) (1024 -768 55.154499 ) 
4 35 38 (1376 -784 55.154499 ) (1376.959961 -784 55.154499 ) (1376.959961 -784 2319.850098 ) (1376 -784 2319.850098 ) 
4 35 36 (1376 -784 192 ) (1376 -784 2319.850098 ) (1376 -768 2319.850098 ) (1376 -768 192 ) 
4 35 37 (1376 -768 55.154499 ) (1376 -784 55.154499 ) (1376 -784 56 ) (1376 -768 56 ) 
4 36 59 (1024 -784 2319.850098 ) (1024 -768 2319.850098 ) (1024 -768 192 ) (1024 -784 192 ) 
4 36 38 (1376 -784 192 ) (1376 -784 2319.850098 ) (1024 -784 2319.850098 ) (1024 -784 192 ) 
4 37 62 (1024 -768 56 ) (1024 -768 55.154499 ) (1024 -784 55.154499 ) (1024 -784 56 ) 
4 37 38 (1024 -784 55.154499 ) (1376 -784 55.154499 ) (1376 -784 56 ) (1024 -784 56 ) 
4 38 63 (1024 -784 64 ) (1024 -784 55.154499 ) (1024 -785 55.154499 ) (1024 -785 64 ) 
4 38 60 (1024 -785 2319.850098 ) (1024 -784 2319.850098 ) (1024 -784 64 ) (1024 -785 64 ) 
4 39 59 (1024 -768 680 ) (1024 -768 2319.850098 ) (224 -768 2319.850098 ) (224 -768 680 ) 
4 39 45 (224 -168 680 ) (224 -172 680 ) (224 -172 2319.850098 ) (224 -168 2319.850098 ) 
4 39 43 (224 0 2319.850098 ) (224 0 680 ) (224 -168 680 ) (224 -168 2319.850098 ) 
4 39 46 (224 -172 680 ) (224 -768 680 ) (224 -768 2319.850098 ) (224 -172 2319.850098 ) 
4 39 41 (224 -202 680 ) (224 0 680 ) (234 0 680 ) (234 -202 680 ) 
4 39 40 (234 0 680 ) (1024 0 680 ) (1024 -202 680 ) (234 -202 680 ) 
4 39 42 (1024 -768 680 ) (224 -768 680 ) (224 -202 680 ) (1024 -202 680 ) 
4 40 47 (256 0 424 ) (1024 0 424 ) (1024 -202 424 ) (256 -202 424 ) 
4 40 42 (1024 -202 680 ) (234 -202 680 ) (234 -202 424 ) (1024 -202 424 ) 
4 40 41 (234 0 424 ) (234 -202 424 ) (234 -202 680 ) (234 0 680 ) 
4 41 45 (224 -172 638 ) (224 -172 680 ) (224 -168 680 ) (224 -168 638 ) 
4 41 44 (224 -168 424 ) (224 -172 424 ) (224 -172 626.408020 ) (224 -168 626.408020 ) 
4 41 43 (224 0 680 ) (224 0 424 ) (224 -168 424 ) (224 -168 680 ) 
4 41 46 (224 -172 424 ) (224 -202 424 ) (224 -202 680 ) (224 -172 680 ) 
4 41 42 (234 -202 680 ) (224 -202 680 ) (224 -202 424 ) (234 -202 424 ) 
4 42 59 (224 -768 424 ) (1024 -768 424 ) (1024 -768 680 ) (224 -768 680 ) 
4 42 47 (1024 -768 424 ) (256 -768 424 ) (256 -202 424 ) (1024 -202 424 ) 
4 42 46 (224 -202 424 ) (224 -768 424 ) (224 -768 680 ) (224 -202 680 ) 
4 43 97 (0 -164 424 ) (0 -168 424 ) (0 -168 2319.850098 ) (0 -164 2319.850098 ) 
4 43 95 (0 0 2319.850098 ) (0 0 424 ) (0 -164 424 ) (0 -164 2319.850098 ) 
6 43 45 (0 -168 424 ) (24 -168 424 ) (30 -168 429.135864 ) (224 -168 638 ) (224 -168 2319.850098 ) (0 -168 2319.850098 ) 
3 43 44 (36 -168 424 ) (224 -168 424 ) (224 -168 626.408020 ) 
3 44 46 (36 -172 424 ) (224 -172 424 ) (224 -172 626.408020 ) 
4 45 98 (0 -168 424 ) (0 -172 424 ) (0 -172 2319.850098 ) (0 -168 2319.850098 ) 
6 45 46 (0 -172 424 ) (24 -172 424 ) (30 -172 429.135864 ) (224 -172 638 ) (224 -172 2319.850098 ) (0 -172 2319.850098 ) 
4 46 98 (0 -172 424 ) (0 -768 424 ) (0 -768 2319.850098 ) (0 -172 2319.850098 ) 
4 46 59 (0 -768 2319.850098 ) (0 -768 424 ) (224 -768 424 ) (224 -768 2319.850098 ) 
4 47 59 (256 -768 192 ) (1024 -768 192 ) (1024 -768 424 ) (256 -768 424 ) 
4 47 48 (1024 -768 192 ) (256 -768 192 ) (256 0 192 ) (1024 0 192 ) 
4 48 50 (1024 -768 184 ) (256 -768 184 ) (256 0 184 ) (1024 0 184 ) 
4 48 49 (256 0 184 ) (256 -165.078003 184 ) (256 -165.078003 192 ) (256 0 192 ) 
4 49 104 (0 0 192 ) (0 0 184 ) (0 -165.078003 184 ) (0 -165.078003 192 ) 
4 49 53 (0 -165.078003 184 ) (0 0 184 ) (52 0 184 ) (52 -165.078003 184 ) 
4 49 52 (52 0 184 ) (96 0 184 ) (96 -165.078003 184 ) (52 -165.078003 184 ) 
4 49 51 (96 0 184 ) (256 0 184 ) (256 -165.078003 184 ) (96 -165.078003 184 ) 
4 50 51 (256 0 64 ) (256 -165.078003 64 ) (256 -165.078003 184 ) (256 0 184 ) 
4 51 56 (96 0 64 ) (96 -165.078003 64 ) (96 -165.078003 108 ) (96 0 108 ) 
4 51 52 (96 -165.078003 108 ) (96 -165.078003 184 ) (96 0 184 ) (96 0 108 ) 
4 52 58 (96 -210 108 ) (96 -216 108 ) (52 -216 108 ) (52 -210 108 ) 
4 52 56 (52 0 108 ) (96 0 108 ) (96 -210 108 ) (52 -210 108 ) 
4 52 55 (52 -216 108 ) (96 -216 108 ) (96 -216 184 ) (52 -216 184 ) 
4 52 54 (52 -216 110 ) (52 -216 184 ) (52 -166 184 ) (52 -166 110 ) 
4 52 53 (52 0 108 ) (52 -166 108 ) (52 -166 184 ) (52 0 184 ) 
4 53 106 (0 0 184 ) (0 0 108 ) (0 -166 108 ) (0 -166 184 ) 
4 53 57 (0 0 108 ) (46 0 108 ) (46 -166 108 ) (0 -166 108 ) 
4 53 56 (46 0 108 ) (52 0 108 ) (52 -166 108 ) (46 -166 108 ) 
4 53 54 (52 -166 110 ) (52 -166 184 ) (0 -166 184 ) (0 -166 110 ) 
4 54 107 (0 -216 110 ) (0 -216 184 ) (0 -166 184 ) (0 -166 110 ) 
4 54 55 (52 -216 110 ) (52 -216 184 ) (0 -216 184 ) (0 -216 110 ) 
4 55 108 (0 -216 108 ) (0 -312 108 ) (0 -312 184 ) (0 -216 184 ) 
4 55 58 (96 -216 108 ) (96 -312 108 ) (0 -312 108 ) (0 -216 108 ) 
4 56 58 (46 -210 64 ) (96 -210 64 ) (96 -210 108 ) (46 -210 108 ) 
4 56 57 (46 0 64 ) (46 -172 64 ) (46 -172 108 ) (46 0 108 ) 
4 57 109 (0 0 108 ) (0 0 64 ) (0 -172 64 ) (0 -172 108 ) 
4 58 110 (0 -210 64 ) (0 -312 64 ) (0 -312 108 ) (0 -210 108 ) 
4 59 113 (0 -784 2319.850098 ) (0 -768 2319.850098 ) (0 -768 192 ) (0 -784 192 ) 
4 59 60 (1024 -784 192 ) (1024 -784 2319.850098 ) (0 -784 2319.850098 ) (0 -784 192 ) 
4 60 114 (0 -785 2319.850098 ) (0 -784 2319.850098 ) (0 -784 64 ) (0 -785 64 ) 
4 60 63 (1024 -784 64 ) (1024 -785 64 ) (0 -785 64 ) (0 -784 64 ) 
4 61 115 (0 -768 55.154499 ) (0 -768 56 ) (0 0 56 ) (0 0 55.154499 ) 
4 61 62 (0 -768 56 ) (0 -768 55.154499 ) (1024 -768 55.154499 ) (1024 -768 56 ) 
4 62 116 (0 -768 56 ) (0 -768 55.154499 ) (0 -784 55.154499 ) (0 -784 56 ) 
4 62 63 (0 -784 55.154499 ) (1024 -784 55.154499 ) (1024 -784 56 ) (0 -784 56 ) 
4 63 117 (0 -785 64 ) (0 -784 64 ) (0 -784 55.154499 ) (0 -785 55.154499 ) 
4 64 76 (-216 874 424 ) (-216 890 424 ) (0 890 424 ) (0 874 424 ) 
4 64 75 (-216 890 424 ) (-216 891 424 ) (0 891 424 ) (0 890 424 ) 
4 64 73 (-216 310 424 ) (-216 280 424 ) (-216 280 680 ) (-216 310 680 ) 
4 64 72 (-216 280 680 ) (-216 280 2319.850098 ) (-216 310 2319.850098 ) (-216 310 680 ) 
4 64 71 (-216 891 424 ) (-216 310 424 ) (-216 310 2319.850098 ) (-216 891 2319.850098 ) 
6 64 66 (-216 280 2319.850098 ) (-216 280 638 ) (-22 280 429.136047 ) (-16 280 424 ) (0 280 424 ) (0 280 2319.850098 ) 
3 64 65 (-216 280 626.408020 ) (-216 280 424 ) (-28 280 424 ) 
4 65 73 (-216 280 424 ) (-216 276 424 ) (-216 276 626.408020 ) (-216 280 626.408020 ) 
3 65 67 (-216 276 626.408020 ) (-216 276 424 ) (-28 276 424 ) 
4 66 73 (-216 276 638 ) (-216 276 680 ) (-216 280 680 ) (-216 280 638 ) 
4 66 72 (-216 276 680 ) (-216 276 2319.850098 ) (-216 280 2319.850098 ) (-216 280 680 ) 
6 66 67 (-216 276 2319.850098 ) (-216 276 638 ) (-22 276 429.136047 ) (-16 276 424 ) (0 276 424 ) (0 276 2319.850098 ) 
4 67 73 (-216 276 424 ) (-216 56 424 ) (-216 56 680 ) (-216 276 680 ) 
4 67 72 (-216 56 680 ) (-216 56 2319.850098 ) (-216 276 2319.850098 ) (-216 276 680 ) 
6 67 69 (-216 56 2319.850098 ) (-216 56 638 ) (-22 56 429.136047 ) (-16 56 424 ) (0 56 424 ) (0 56 2319.850098 ) 
3 67 68 (-216 56 626.408020 ) (-216 56 424 ) (-28 56 424 ) 
4 68 73 (-216 56 424 ) (-216 52 424 ) (-216 52 626.408020 ) (-216 56 626.408020 ) 
3 68 70 (-216 52 626.408020 ) (-216 52 424 ) (-28 52 424 ) 
4 69 73 (-216 52 638 ) (-216 52 680 ) (-216 56 680 ) (-216 56 638 ) 
4 69 72 (-216 52 680 ) (-216 52 2319.850098 ) (-216 56 2319.850098 ) (-216 56 680 ) 
6 69 70 (-216 52 2319.850098 ) (-216 52 638 ) (-22 52 429.136047 ) (-16 52 424 ) (0 52 424 ) (0 52 2319.850098 ) 
4 70 95 (0 0 424 ) (0 0 2319.850098 ) (-216 0 2319.850098 ) (-216 0 424 ) 
4 70 73 (-216 52 424 ) (-216 0 424 ) (-216 0 680 ) (-216 52 680 ) 
4 70 72 (-216 0 680 ) (-216 0 2319.850098 ) (-216 52 2319.850098 ) (-216 52 680 ) 
4 71 86 (-1024 310 2319.850098 ) (-1024 874 2319.850098 ) (-1024 874 424 ) (-1024 310 424 ) 
4 71 84 (-1024 874 2319.850098 ) (-1024 890 2319.850098 ) (-1024 890 424 ) (-1024 874 424 ) 
4 71 83 (-1024 890 2319.850098 ) (-1024 891 2319.850098 ) (-1024 891 424 ) (-1024 890 424 ) 
4 71 77 (-1024 310 424 ) (-1024 874 424 ) (-248 874 424 ) (-248 310 424 ) 
4 71 76 (-1024 874 424 ) (-1024 890 424 ) (-216 890 424 ) (-216 874 424 ) 
4 71 75 (-1024 890 424 ) (-1024 891 424 ) (-216 891 424 ) (-216 890 424 ) 
4 71 74 (-1024 310 424 ) (-226 310 424 ) (-226 310 680 ) (-1024 310 680 ) 
4 71 73 (-226 310 424 ) (-216 310 424 ) (-216 310 680 ) (-226 310 680 ) 
4 71 72 (-216 310 680 ) (-216 310 2319.850098 ) (-1024 310 2319.850098 ) (-1024 310 680 ) 
4 72 99 (-216 0 2319.850098 ) (-1024 0 2319.850098 ) (-1024 0 680 ) (-216 0 680 ) 
4 72 86 (-1024 0 680 ) (-1024 0 2319.850098 ) (-1024 310 2319.850098 ) (-1024 310 680 ) 
4 72 74 (-1024 310 680 ) (-226 310 680 ) (-226 0 680 ) (-1024 0 680 ) 
4 72 73 (-226 310 680 ) (-216 310 680 ) (-216 0 680 ) (-226 0 680 ) 
4 73 100 (-226 0 424 ) (-216 0 424 ) (-216 0 680 ) (-226 0 680 ) 
4 73 74 (-226 0 680 ) (-226 310 680 ) (-226 310 424 ) (-226 0 424 ) 
4 74 101 (-1024 0 680 ) (-1024 0 424 ) (-226 0 424 ) (-226 0 680 ) 
4 74 86 (-1024 0 424 ) (-1024 0 680 ) (-1024 310 680 ) (-1024 310 424 ) 
4 74 77 (-248 0 424 ) (-1024 0 424 ) (-1024 310 424 ) (-248 310 424 ) 
4 75 83 (-1024 890 424 ) (-1024 891 424 ) (-1024 891 64 ) (-1024 890 64 ) 
4 75 80 (-1024 890 64 ) (-1024 891 64 ) (0 891 64 ) (0 890 64 ) 
4 75 76 (0 890 192 ) (0 890 424 ) (-1024 890 424 ) (-1024 890 192 ) 
4 76 84 (-1024 874 424 ) (-1024 890 424 ) (-1024 890 192 ) (-1024 874 192 ) 
4 76 77 (-248 874 424 ) (-1024 874 424 ) (-1024 874 192 ) (-248 874 192 ) 
4 77 103 (-248 0 424 ) (-1024 0 424 ) (-1024 0 192 ) (-248 0 192 ) 
4 77 86 (-1024 0 192 ) (-1024 0 424 ) (-1024 874 424 ) (-1024 874 192 ) 
4 77 79 (-248 0 192 ) (-1024 0 192 ) (-1024 874 192 ) (-248 874 192 ) 
4 78 111 (-84 0 184 ) (-248 0 184 ) (-248 0 64 ) (-84 0 64 ) 
4 78 109 (0 0 64 ) (0 0 108 ) (-84 0 108 ) (-84 0 64 ) 
4 78 106 (0 0 108 ) (0 0 184 ) (-84 0 184 ) (-84 0 108 ) 
4 78 104 (0 0 184 ) (0 0 192 ) (-248 0 192 ) (-248 0 184 ) 
4 78 79 (-248 0 192 ) (-248 245.421997 192 ) (-248 245.421997 64 ) (-248 0 64 ) 
4 79 112 (-1024 0 184 ) (-1024 0 64 ) (-248 0 64 ) (-248 0 184 ) 
4 79 105 (-248 0 192 ) (-1024 0 192 ) (-1024 0 184 ) (-248 0 184 ) 
4 79 86 (-1024 0 64 ) (-1024 0 192 ) (-1024 874 192 ) (-1024 874 64 ) 
4 80 89 (-1024 890 64 ) (-1024 891 64 ) (-1024 891 55.154499 ) (-1024 890 55.154499 ) 
4 80 81 (-1024 890 55.154499 ) (0 890 55.154499 ) (0 890 56 ) (-1024 890 56 ) 
4 81 90 (-1024 874 55.154499 ) (-1024 874 56 ) (-1024 890 56 ) (-1024 890 55.154499 ) 
4 81 82 (0 874 55.154499 ) (0 874 56 ) (-1024 874 56 ) (-1024 874 55.154499 ) 
4 82 115 (0 0 55.154499 ) (0 0 56 ) (-1024 0 56 ) (-1024 0 55.154499 ) 
4 82 92 (-1024 0 55.154499 ) (-1024 0 56 ) (-1024 874 56 ) (-1024 874 55.154499 ) 
4 83 89 (-1024 891 64 ) (-1024 890 64 ) (-1376.959961 890 64 ) (-1376.959961 891 64 ) 
4 83 84 (-1024 890 192 ) (-1024 890 2319.850098 ) (-1376 890 2319.850098 ) (-1376 890 192 ) 
4 83 85 (-1376.959961 890 2319.850098 ) (-1376.959961 890 64 ) (-1376 890 64 ) (-1376 890 2319.850098 ) 
4 84 87 (-1360 874 2319.850098 ) (-1376 874 2319.850098 ) (-1376 874 192 ) (-1360 874 192 ) 
4 84 86 (-1024 874 192 ) (-1024 874 2319.850098 ) (-1360 874 2319.850098 ) (-1360 874 192 ) 
4 84 85 (-1376 890 2319.850098 ) (-1376 890 192 ) (-1376 874 192 ) (-1376 874 2319.850098 ) 
4 85 91 (-1376 874 64 ) (-1376.959961 874 64 ) (-1376.959961 890 64 ) (-1376 890 64 ) 
4 85 88 (-1376.959961 874 2319.850098 ) (-1376.959961 874 64 ) (-1376 874 64 ) (-1376 874 2319.850098 ) 
4 86 118 (-1024 0 64 ) (-1024 0 2319.850098 ) (-1360 0 2319.850098 ) (-1360 0 64 ) 
4 86 87 (-1360 874 2319.850098 ) (-1360 874 192 ) (-1360 0 192 ) (-1360 0 2319.850098 ) 
4 87 119 (-1360 0 2319.850098 ) (-1376 0 2319.850098 ) (-1376 0 192 ) (-1360 0 192 ) 
4 87 88 (-1376 874 2319.850098 ) (-1376 874 192 ) (-1376 0 192 ) (-1376 0 2319.850098 ) 
4 88 120 (-1376 0 2319.850098 ) (-1376.959961 0 2319.850098 ) (-1376.959961 0 64 ) (-1376 0 64 ) 
4 88 94 (-1376 0 64 ) (-1376.959961 0 64 ) (-1376.959961 874 64 ) (-1376 874 64 ) 
4 89 90 (-1376 890 55.154499 ) (-1024 890 55.154499 ) (-1024 890 56 ) (-1376 890 56 ) 
4 89 91 (-1376.959961 890 64 ) (-1376.959961 890 55.154499 ) (-1376 890 55.154499 ) (-1376 890 64 ) 
4 90 93 (-1376 874 56 ) (-1376 874 55.154499 ) (-1360 874 55.154499 ) (-1360 874 56 ) 
4 90 92 (-1360 874 55.154499 ) (-1024 874 55.154499 ) (-1024 874 56 ) (-1360 874 56 ) 
4 90 91 (-1376 890 56 ) (-1376 890 55.154499 ) (-1376 874 55.154499 ) (-1376 874 56 ) 
4 91 94 (-1376 874 64 ) (-1376.959961 874 64 ) (-1376.959961 874 55.154499 ) (-1376 874 55.154499 ) 
4 92 124 (-1024 0 55.154499 ) (-1024 0 56 ) (-1360 0 56 ) (-1360 0 55.154499 ) 
4 92 93 (-1360 874 56 ) (-1360 874 55.154499 ) (-1360 0 55.154499 ) (-1360 0 56 ) 
4 93 125 (-1360 0 55.154499 ) (-1360 0 56 ) (-1376 0 56 ) (-1376 0 55.154499 ) 
4 93 94 (-1376 874 56 ) (-1376 874 55.154499 ) (-1376 0 55.154499 ) (-1376 0 56 ) 
4 94 126 (-1376 0 64 ) (-1376.959961 0 64 ) (-1376.959961 0 55.154499 ) (-1376 0 55.154499 ) 
4 95 100 (-216 0 424 ) (-216 -164 424 ) (-216 -164 680 ) (-216 0 680 ) 
4 95 99 (-216 -164 680 ) (-216 -164 2319.850098 ) (-216 0 2319.850098 ) (-216 0 680 ) 
6 95 97 (0 -164 2319.850098 ) (-216 -164 2319.850098 ) (-216 -164 638 ) (-22 -164 429.136047 ) (-16 -164 424 ) (0 -164 424 ) 
3 95 96 (-216 -164 626.408020 ) (-216 -164 424 ) (-28 -164 424 ) 
4 96 100 (-216 -164 424 ) (-216 -168 424 ) (-216 -168 626.408020 ) (-216 -164 626.408020 ) 
3 96 98 (-216 -168 626.408020 ) (-216 -168 424 ) (-28 -168 424 ) 
4 97 100 (-216 -168 638 ) (-216 -168 680 ) (-216 -164 680 ) (-216 -164 638 ) 
4 97 99 (-216 -168 680 ) (-216 -168 2319.850098 ) (-216 -164 2319.850098 ) (-216 -164 680 ) 
6 97 98 (0 -168 2319.850098 ) (-216 -168 2319.850098 ) (-216 -168 638 ) (-22 -168 429.136047 ) (-16 -168 424 ) (0 -168 424 ) 
4 98 113 (0 -768 424 ) (0 -768 2319.850098 ) (-216 -768 2319.850098 ) (-216 -768 424 ) 
4 98 100 (-216 -168 424 ) (-216 -202 424 ) (-216 -202 680 ) (-216 -168 680 ) 
4 98 102 (-216 -202 424 ) (-216 -768 424 ) (-216 -768 680 ) (-216 -202 680 ) 
4 98 99 (-216 -768 680 ) (-216 -768 2319.850098 ) (-216 -168 2319.850098 ) (-216 -168 680 ) 
4 99 118 (-1024 0 2319.850098 ) (-1024 0 680 ) (-1024 -768 680 ) (-1024 -768 2319.850098 ) 
4 99 113 (-1024 -768 2319.850098 ) (-1024 -768 680 ) (-216 -768 680 ) (-216 -768 2319.850098 ) 
4 99 101 (-226 -202 680 ) (-1024 -202 680 ) (-1024 0 680 ) (-226 0 680 ) 
4 99 100 (-216 0 680 ) (-216 -202 680 ) (-226 -202 680 ) (-226 0 680 ) 
4 99 102 (-216 -202 680 ) (-216 -768 680 ) (-1024 -768 680 ) (-1024 -202 680 ) 
4 100 102 (-226 -202 424 ) (-216 -202 424 ) (-216 -202 680 ) (-226 -202 680 ) 
4 100 101 (-226 0 424 ) (-226 -202 424 ) (-226 -202 680 ) (-226 0 680 ) 
4 101 118 (-1024 0 680 ) (-1024 0 424 ) (-1024 -202 424 ) (-1024 -202 680 ) 
4 101 103 (-1024 -202 424 ) (-1024 0 424 ) (-248 0 424 ) (-248 -202 424 ) 
4 101 102 (-1024 -202 424 ) (-226 -202 424 ) (-226 -202 680 ) (-1024 -202 680 ) 
4 102 118 (-1024 -202 424 ) (-1024 -768 424 ) (-1024 -768 680 ) (-1024 -202 680 ) 
4 102 113 (-1024 -768 680 ) (-1024 -768 424 ) (-216 -768 424 ) (-216 -768 680 ) 
4 102 103 (-248 -768 424 ) (-1024 -768 424 ) (-1024 -202 424 ) (-248 -202 424 ) 
4 103 118 (-1024 0 424 ) (-1024 0 192 ) (-1024 -768 192 ) (-1024 -768 424 ) 
4 103 113 (-248 -768 424 ) (-1024 -768 424 ) (-1024 -768 192 ) (-248 -768 192 ) 
4 103 105 (-248 -768 192 ) (-1024 -768 192 ) (-1024 0 192 ) (-248 0 192 ) 
4 104 111 (-248 -165.078003 184 ) (-248 0 184 ) (-84 0 184 ) (-84 -165.078003 184 ) 
4 104 106 (-84 0 184 ) (0 0 184 ) (0 -165.078003 184 ) (-84 -165.078003 184 ) 
4 104 105 (-248 0 184 ) (-248 -165.078003 184 ) (-248 -165.078003 192 ) (-248 0 192 ) 
4 105 118 (-1024 0 192 ) (-1024 0 184 ) (-1024 -768 184 ) (-1024 -768 192 ) 
4 105 112 (-248 -768 184 ) (-1024 -768 184 ) (-1024 0 184 ) (-248 0 184 ) 
4 106 111 (-84 -165.078003 184 ) (-84 0 184 ) (-84 0 108 ) (-84 -165.078003 108 ) 
4 106 109 (-84 -166 108 ) (-84 0 108 ) (0 0 108 ) (0 -166 108 ) 
4 106 107 (-84 -166 184 ) (-84 -166 110 ) (0 -166 110 ) (0 -166 184 ) 
4 107 108 (-84 -216 184 ) (-84 -216 110 ) (0 -216 110 ) (0 -216 184 ) 
4 108 110 (-84 -312 108 ) (-84 -216 108 ) (0 -216 108 ) (0 -312 108 ) 
4 109 111 (-84 0 64 ) (-84 -165.078003 64 ) (-84 -165.078003 108 ) (-84 0 108 ) 
4 111 112 (-248 0 64 ) (-248 -165.078003 64 ) (-248 -165.078003 184 ) (-248 0 184 ) 
4 112 118 (-1024 0 184 ) (-1024 0 64 ) (-1024 -768 64 ) (-1024 -768 184 ) 
4 113 121 (-1024 -784 192 ) (-1024 -784 2319.850098 ) (-1024 -768 2319.850098 ) (-1024 -768 192 ) 
4 113 114 (0 -784 192 ) (0 -784 2319.850098 ) (-1024 -784 2319.850098 ) (-1024 -784 192 ) 
4 114 123 (-1024 -784 64 ) (-1024 -785 64 ) (-1024 -785 2319.850098 ) (-1024 -784 2319.850098 ) 
4 114 117 (-1024 -785 64 ) (-1024 -784 64 ) (0 -784 64 ) (0 -785 64 ) 
4 115 124 (-1024 0 56 ) (-1024 0 55.154499 ) (-1024 -768 55.154499 ) (-1024 -768 56 ) 
4 115 116 (0 -768 55.154499 ) (0 -768 56 ) (-1024 -768 56 ) (-1024 -768 55.154499 ) 
4 116 127 (-1024 -768 56 ) (-1024 -768 55.154499 ) (-1024 -784 55.154499 ) (-1024 -784 56 ) 
4 116 117 (-1024 -784 55.154499 ) (0 -784 55.154499 ) (0 -784 56 ) (-1024 -784 56 ) 
4 117 129 (-1024 -785 64 ) (-1024 -784 64 ) (-1024 -784 55.154499 ) (-1024 -785 55.154499 ) 
4 118 121 (-1024 -768 192 ) (-1024 -768 2319.850098 ) (-1360 -768 2319.850098 ) (-1360 -768 192 ) 
4 118 119 (-1360 -768 192 ) (-1360 -768 2319.850098 ) (-1360 0 2319.850098 ) (-1360 0 192 ) 
4 119 121 (-1360 -768 192 ) (-1360 -768 2319.850098 ) (-1376 -768 2319.850098 ) (-1376 -768 192 ) 
4 119 120 (-1376 -768 192 ) (-1376 -768 2319.850098 ) (-1376 0 2319.850098 ) (-1376 0 192 ) 
4 120 126 (-1376.959961 -768 64 ) (-1376.959961 0 64 ) (-1376 0 64 ) (-1376 -768 64 ) 
4 120 122 (-1376.959961 -768 2319.850098 ) (-1376.959961 -768 64 ) (-1376 -768 64 ) (-1376 -768 2319.850098 ) 
4 121 123 (-1024 -784 192 ) (-1024 -784 2319.850098 ) (-1376 -784 2319.850098 ) (-1376 -784 192 ) 
4 121 122 (-1376 -768 2319.850098 ) (-1376 -768 192 ) (-1376 -784 192 ) (-1376 -784 2319.850098 ) 
4 122 128 (-1376.959961 -784 64 ) (-1376.959961 -768 64 ) (-1376 -768 64 ) (-1376 -784 64 ) 
4 122 123 (-1376.959961 -784 2319.850098 ) (-1376.959961 -784 64 ) (-1376 -784 64 ) (-1376 -784 2319.850098 ) 
4 123 129 (-1376.959961 -785 64 ) (-1376.959961 -784 64 ) (-1024 -784 64 ) (-1024 -785 64 ) 
4 124 127 (-1360 -768 56 ) (-1360 -768 55.154499 ) (-1024 -768 55.154499 ) (-1024 -768 56 ) 
4 124 125 (-1360 -768 55.154499 ) (-1360 -768 56 ) (-1360 0 56 ) (-1360 0 55.154499 ) 
4 125 127 (-1376 -768 56 ) (-1376 -768 55.154499 ) (-1360 -768 55.154499 ) (-1360 -768 56 ) 
4 125 126 (-1376 0 55.154499 ) (-1376 -768 55.154499 ) (-1376 -768 56 ) (-1376 0 56 ) 
4 126 128 (-1376 -768 64 ) (-1376.959961 -768 64 ) (-1376.959961 -768 55.154499 ) (-1376 -768 55.154499 ) 
4 127 129 (-1376 -784 55.154499 ) (-1024 -784 55.154499 ) (-1024 -784 56 ) (-1376 -784 56 ) 
4 127 128 (-1376 -768 56 ) (-1376 -768 55.154499 ) (-1376 -784 55.154499 ) (-1376 -784 56 ) 
4 128 129 (-1376.959961 -784 64 ) (-1376.959961 -784 55.154499 ) (-1376 -784 55.154499 ) (-1376 -784 64 ) 
