


materialPath: c:\program files\steam\steamapps\lucascesar\half-life 2 episode two\ep2\materials
Loading D:\Leo\Games\Steam e afiliados\-==mapas==-\gbt_field_v4_.vmf
Patching WVT material: maps/gbt_field_v4_/dev/dev_blendmeasure_wvt_patch
fixing up env_cubemap materials on brush sides...
0...1...2...3...4...5...6...7...8...9...100...1...2...3...4...5...6...7...8...9...10Processing areas...done (0)
Building Faces...done (0)
Chop Details...done (0)
Find Visible Detail Sides...
Merged 2102 detail faces...done (0)
Merging details...done (0)
FixTjuncs...
PruneNodes...
WriteBSP...
done (1)
writing D:\Leo\Games\Steam e afiliados\-==mapas==-\gbt_field_v4_.prt...Building visibility clusters...
done (0)
Creating default LDR cubemaps for env_cubemap using skybox materials:
   skybox/militia_hdr*.vmt
 ! Run buildcubemaps in the engine to get the correct cube maps.
Creating default HDR cubemaps for env_cubemap using skybox materials:
   skybox/militia_hdr*.vmt
 ! Run buildcubemaps in the engine to get the correct cube maps.
Finding displacement neighbors...
Finding lightmap sample positions...
Displacement Alpha : 0...1...2...3...4...5...6...7...8...9...10
Building Physics collision data...
done (3) (883527 bytes)
Placing detail props : 0...1...2...3...4...5...6...7...8...9...10
Compacting texture/material tables...
Reduced 3170 texinfos to 1473
Reduced 239 texdatas to 190 (10756 bytes to 8689)
Writing D:\Leo\Games\Steam e afiliados\-==mapas==-\gbt_field_v4_.bsp
15 seconds elapsed



2 threads
reading d:\leo\games\steam e afiliados\-==mapas==-\gbt_field_v4_.bsp
reading d:\leo\games\steam e afiliados\-==mapas==-\gbt_field_v4_.prt
2685 portalclusters
8659 numportals
0...1...2...3...4...5...6...7...8...9...10Optimized: 266121 visible clusters (0.00%)
Total clusters visible: 4742956
Average clusters visible: 1766
Building PAS...
Average clusters audible: 2097
visdatasize:1595208  compressed from 1804320
writing d:\leo\games\steam e afiliados\-==mapas==-\gbt_field_v4_.bsp
10 seconds elapsed



[Reading texlights from 'lights.rad']
[48 texlights parsed from 'lights.rad']

Loading d:\leo\games\steam e afiliados\-==mapas==-\gbt_field_v4_.bsp
12669 faces
35 degenerate faces
17062881 square feet [2457054976.00 square inches]
57 Displacements
261412 Square Feet [37643432.00 Square Inches]
12634 patches before subdivision
zero area child patch
zero area child patch
zero area child patch
zero area child patch
zero area child patch
zero area child patch
zero area child patch
496320 patches after subdivision
249 direct lights
0...1...2..


materialPath: c:\program files\steam\steamapps\lucascesar\half-life 2 episode two\ep2\materials
Loading D:\Leo\Games\Steam e afiliados\-==mapas==-\gbt_field_v4_.vmf
Patching WVT material: maps/gbt_field_v4_/dev/dev_blendmeasure_wvt_patch
fixing up env_cubemap materials on brush sides...
0...1...2...3...4...5...6...7...8...9...100...1...2...3...4...5...6...7...8...9...10Processing areas...done (0)
Building Faces...done (0)
Chop Details...done (0)
Find Visible Detail Sides...
Merged 2102 detail faces...done (0)
Merging details...done (0)
FixTjuncs...
PruneNodes...
WriteBSP...
done (1)
writing D:\Leo\Games\Steam e afiliados\-==mapas==-\gbt_field_v4_.prt...Building visibility clusters...
done (0)
Creating default LDR cubemaps for env_cubemap using skybox materials:
   skybox/militia_hdr*.vmt
 ! Run buildcubemaps in the engine to get the correct cube maps.
Creating default HDR cubemaps for env_cubemap using skybox materials:
   skybox/militia_hdr*.vmt
 ! Run buildcubemaps in the engine to get the correct cube maps.
Finding displacement neighbors...
Finding lightmap sample positions...
Displacement Alpha : 0...1...2...3...4...5...6...7...8...9...10
Building Physics collision data...
done (3) (883527 bytes)
Placing detail props : 0...1...2...3...4...5...6...7...8...9...10
Compacting texture/material tables...
Reduced 3170 texinfos to 1473
Reduced 239 texdatas to 190 (10756 bytes to 8689)
Writing D:\Leo\Games\Steam e afiliados\-==mapas==-\gbt_field_v4_.bsp
15 seconds elapsed



2 threads
reading d:\leo\games\steam e afiliados\-==mapas==-\gbt_field_v4_.bsp
reading d:\leo\games\steam e afiliados\-==mapas==-\gbt_field_v4_.prt
2685 portalclusters
8659 numportals
0...1...2...3...4...5...6...7...8...9...10Optimized: 266121 visible clusters (0.00%)
Total clusters visible: 4742956
Average clusters visible: 1766
Building PAS...
Average clusters audible: 2097
visdatasize:1595208  compressed from 1804320
writing d:\leo\games\steam e afiliados\-==mapas==-\gbt_field_v4_.bsp
10 seconds elapsed



[Reading texlights from 'lights.rad']
[48 texlights parsed from 'lights.rad']

Loading d:\leo\games\steam e afiliados\-==mapas==-\gbt_field_v4_.bsp
12669 faces
35 degenerate faces
17062881 square feet [2457054976.00 square inches]
57 Displacements
261412 Square Feet [37643432.00 Square Inches]
12634 patches before subdivision
zero area child patch
zero area child patch
zero area child patch
zero area child patch
zero area child patch
zero area child patch
zero area child patch
496320 patches after subdivision
249 direct lights
0...1...2...3...4...5...6...7...8...9...100...1...2...3...4...5...6