


materialPath: c:\arquivos de programas\steam\steamapps\lucascesar\half-life 2 episode two\ep2\materials
Loading D:\Leo\Backup\sdk_content\mapsrc\gbt_dodgeball.vmf
fixing up env_cubemap materials on brush sides...
0...1...2...3...4...5...6...7...8...9...100...1...2...3...4...5...6...7...8...9...10Processing areas...done (0)
Building Faces...done (0)
FixTjuncs...
PruneNodes...
WriteBSP...
done (0)
writing D:\Leo\Backup\sdk_content\mapsrc\gbt_dodgeball.prt...Building visibility clusters...
done (1)
Creating default LDR cubemaps for env_cubemap using skybox materials:
   skybox/sky_day01_01*.vmt
 ! Run buildcubemaps in the engine to get the correct cube maps.
Creating default HDR cubemaps for env_cubemap using skybox materials:
   skybox/sky_day01_01*.vmt
 ! Run buildcubemaps in the engine to get the correct cube maps.
Finding displacement neighbors...
Finding lightmap sample positions...
Displacement Alpha : 0...1...2...3...4...5...6...7...8...9...10
Building Physics collision data...
done (0) (49857 bytes)
Placing detail props : 0...1...2...3...4...5...6...7...8...9...10
Compacting texture/material tables...
Reduced 116 texinfos to 58
Reduced 13 texdatas to 12 (323 bytes to 275)
Writing D:\Leo\Backup\sdk_content\mapsrc\gbt_dodgeball.bsp
1 second elapsed



2 threads
reading d:\leo\backup\sdk_content\mapsrc\gbt_dodgeball.bsp
reading d:\leo\backup\sdk_content\mapsrc\gbt_dodgeball.prt
 130 portalclusters
 350 numportals
0...1...2...3...4...5...6...7...8...9...100...1...2...3...4...5...6...7...8...9...10Optimized: 29 visible clusters (0.00%)
Total clusters visible: 10017
Average clusters visible: 77
Building PAS...
Average clusters audible: 130
visdatasize:5571  compressed from 6240
writing d:\leo\backup\sdk_content\mapsrc\gbt_dodgeball.bsp
1 second elapsed



[Reading texlights from 'lights.rad']
[48 texlights parsed from 'lights.rad']

Loading d:\leo\backup\sdk_content\mapsrc\gbt_dodgeball.bsp
533 faces
300305 square feet [43243976.00 square inches]
0 Displacements
0 Square Feet [0.00 Square Inches]
533 patches before subdivision
15831 patches after subdivision
250 direct lights
0...1...2...3...4...5...6...7...8...9...100...1...2...3...4...5...6...7...8...9...10transfers 464275, max 269
transfer lists:   3.5 megs
0...1...2...3...4...5...6...7...8...9...10	Bounce #1 added RGB(12065, 8070, 4552)
0...1...2...3...4...5...6...7...8...9...10	Bounce #2 added RGB(800, 459, 185)
0...1...2...3...4...5...6...7...8...9...10	Bounce #3 added RGB(95, 45, 13)
0...1...2...3...4...5...6...7...8...9...10	Bounce #4 added RGB(10, 4, 1)
0...1...2...3...4...5...6...7...8...9...10	Bounce #5 added RGB(1, 0, 0)
0...1...2...3...4...5...6...7...8...9...10	Bounce #6 added RGB(0, 0, 0)
Build Patch/Sample Hash Table(s).....Done<0.0088 sec>
0...1...2...3...4...5...6...7...8...9...10FinalLightFace Done
4 of 250 (1% of) surface lights went in leaf ambient cubes.
0...1...2...3...4...5...6...7...8...9...10Writing leaf ambient...done
Ready to Finish

Object names       Objects/Maxobjs  Memory / Maxmem  Fullness 
------------       ---------------  ---------------  -------- 
models                   1/1024           48/49152    ( 0.1%) 
brushes                173/8192         2076/98304    ( 2.1%) 
brushsides            1265/65536       10120/524288   ( 1.9%) 
planes                 610/65536       12200/1310720  ( 0.9%) 
vertexes               776/65536        9312/786432   ( 1.2%) 
nodes                  263/65536        8416/2097152  ( 0.4%) 
texinfos                58/12288        4176/884736   ( 0.5%) 
texdata                 12/2048          384/65536    ( 0.6%) 
dispinfos                0/0               0/0        ( 0.0%) 
disp_verts               0/0               0/0        ( 0.0%) 
disp_tris                0/0               0/0        ( 0.0%) 
disp_lmsamples           0/0               0/0        ( 0.0%) 
faces                  533/65536       29848/3670016  ( 0.8%) 
hdr faces                0/65536           0/3670016  ( 0.0%) 
origfaces              188/65536       10528/3670016  ( 0.3%) 
leaves                 265/65536        8480/2097152  ( 0.4%) 
leaffaces              605/65536        1210/131072   ( 0.9%) 
leafbrushes            301/65536         602/131072   ( 0.5%) 
areas                    2/256            16/2048     ( 0.8%) 
surfedges             3288/512000      13152/2048000  ( 0.6%) 
edges                 1891/256000       7564/1024000  ( 0.7%) 
LDR worldlights        250/8192        22000/720896   ( 3.1%) 
HDR worldlights          0/8192            0/720896   ( 0.0%) 
leafwaterdata            0/32768           0/393216   ( 0.0%) 
waterstrips             42/32768         420/327680   ( 0.1%) 
waterverts               0/65536           0/786432   ( 0.0%) 
waterindices           672/65536        1344/131072   ( 1.0%) 
cubemapsamples           0/1024            0/16384    ( 0.0%) 
overlays                 0/512             0/180224   ( 0.0%) 
LDR lightdata         [variable]      879608/0        ( 0.0%) 
HDR lightdata         [variable]           0/0        ( 0.0%) 
visdata               [variable]        5571/16777216 ( 0.0%) 
entdata               [variable]        1657/393216   ( 0.4%) 
LDR ambient table      265/65536        1060/262144   ( 0.4%) 
HDR ambient table      265/65536        1060/262144   ( 0.4%) 
LDR leaf ambient      1185/65536       33180/1835008  ( 1.8%) 
HDR leaf ambient       265/65536        7420/1835008  ( 0.4%) 
occluders                0/0               0/0        ( 0.0%) 
occluder polygons        0/0               0/0        ( 0.0%) 
occluder vert ind        0/0               0/0        ( 0.0%) 
detail props          [variable]           1/12       ( 8.3%) 
static props          [variable]           1/1350     ( 0.1%) 
pakfile               [variable]      211646/0        ( 0.0%) 
physics               [variable]       49857/4194304  ( 1.2%) 
physics terrain       [variable]           2/1048576  ( 0.0%) 

Level flags = 0

Total triangle count: 1466
Writing d:\leo\backup\sdk_content\mapsrc\gbt_dodgeball.bsp
12 seconds elapsed



materialPath: c:\arquivos de programas\steam\steamapps\lucascesar\half-life 2 episode two\ep2\materials
Loading D:\Leo\Backup\sdk_content\mapsrc\gbt_dodgeball.vmf
fixing up env_cubemap materials on brush sides...
0...1...2...3...4...5...6...7...8...9...100...1...2...3...4...5...6...7...8...9...10Processing areas...done (0)
Building Faces...done (0)
FixTjuncs...
PruneNodes...
WriteBSP...
done (0)
writing D:\Leo\Backup\sdk_content\mapsrc\gbt_dodgeball.prt...Building visibility clusters...
done (0)
Creating default LDR cubemaps for env_cubemap using skybox materials:
   skybox/sky_day01_01*.vmt
 ! Run buildcubemaps in the engine to get the correct cube maps.
Creating default HDR cubemaps for env_cubemap using skybox materials:
   skybox/sky_day01_01*.vmt
 ! Run buildcubemaps in the engine to get the correct cube maps.
Finding displacement neighbors...
Finding lightmap sample positions...
Displacement Alpha : 0...1...2...3...4...5...6...7...8...9...10
Building Physics collision data...
done (0) (56984 bytes)
Placing detail props : 0...1...2...3...4...5...6...7...8...9...10
Compacting texture/material tables...
Reduced 175 texinfos to 87
Reduced 15 texdatas to 13 (398 bytes to 298)
Writing D:\Leo\Backup\sdk_content\mapsrc\gbt_dodgeball.bsp
1 second elapsed



2 threads
reading d:\leo\backup\sdk_content\mapsrc\gbt_dodgeball.bsp
reading d:\leo\backup\sdk_content\mapsrc\gbt_dodgeball.prt
 130 portalclusters
 350 numportals
0...1...2...3...4...5...6...7...8...9...100...1...2...3...4...5...6...7...8...9...10Optimized: 29 visible clusters (0.00%)
Total clusters visible: 10017
Average clusters visible: 77
Building PAS...
Average clusters audible: 130
visdatasize:5571  compressed from 6240
writing d:\leo\backup\sdk_content\mapsrc\gbt_dodgeball.bsp
1 second elapsed



[Reading texlights from 'lights.rad']
[48 texlights parsed from 'lights.rad']

Loading d:\leo\backup\sdk_content\mapsrc\gbt_dodgeball.bsp
639 faces
300317 square feet [43245700.00 square inches]
0 Displacements
0 Square Feet [0.00 Square Inches]
639 patches before subdivision
15937 patches after subdivision
250 direct lights
0...1...2...3...4...5...6...7...8...9...100...1...2...3...4...5...6...7...8...9...10transfers 480550, max 269
transfer lists:   3.7 megs
0...1...2...3...4...5...6...7...8...9...10	Bounce #1 added RGB(12452, 8327, 4698)
0...1...2...3...4...5...6...7...8...9...10	Bounce #2 added RGB(820, 471, 189)
0...1...2...3...4...5...6...7...8...9...10	Bounce #3 added RGB(97, 46, 14)
0...1...2...3...4...5...6...7...8...9...10	Bounce #4 added RGB(10, 4, 1)
0...1...2...3...4...5...6...7...8...9...10	Bounce #5 added RGB(1, 0, 0)
0...1...2...3...4...5...6...7...8...9...10	Bounce #6 added RGB(0, 0, 0)
Build Patch/Sample Hash Table(s).....Done<0.0091 sec>
0...1...2...3...4...5...6...7...8...9...10FinalLightFace Done
4 of 250 (1% of) surface lights went in leaf ambient cubes.
0...1...2...3...4...5...6...7...8...9...10Writing leaf ambient...done
Ready to Finish

Object names       Objects/Maxobjs  Memory / Maxmem  Fullness 
------------       ---------------  ---------------  -------- 
models                   2/1024           96/49152    ( 0.2%) 
brushes                174/8192         2088/98304    ( 2.1%) 
brushsides            1452/65536       11616/524288   ( 2.2%) 
planes                1364/65536       27280/1310720  ( 2.1%) 
vertexes               956/65536       11472/786432   ( 1.5%) 
nodes                  369/65536       11808/2097152  ( 0.6%) 
texinfos                87/12288        6264/884736   ( 0.7%) 
texdata                 13/2048          416/65536    ( 0.6%) 
dispinfos                0/0               0/0        ( 0.0%) 
disp_verts               0/0               0/0        ( 0.0%) 
disp_tris                0/0               0/0        ( 0.0%) 
disp_lmsamples           0/0               0/0        ( 0.0%) 
faces                  639/65536       35784/3670016  ( 1.0%) 
hdr faces                0/65536           0/3670016  ( 0.0%) 
origfaces              294/65536       16464/3670016  ( 0.4%) 
leaves                 372/65536       11904/2097152  ( 0.6%) 
leaffaces              711/65536        1422/131072   ( 1.1%) 
leafbrushes            302/65536         604/131072   ( 0.5%) 
areas                    2/256            16/2048     ( 0.8%) 
surfedges             4349/512000      17396/2048000  ( 0.8%) 
edges                 2439/256000       9756/1024000  ( 1.0%) 
LDR worldlights        250/8192        22000/720896   ( 3.1%) 
HDR worldlights          0/8192            0/720896   ( 0.0%) 
leafwaterdata            0/32768           0/393216   ( 0.0%) 
waterstrips             42/32768         420/327680   ( 0.1%) 
waterverts               0/65536           0/786432   ( 0.0%) 
waterindices           672/65536        1344/131072   ( 1.0%) 
cubemapsamples           0/1024            0/16384    ( 0.0%) 
overlays                 0/512             0/180224   ( 0.0%) 
LDR lightdata         [variable]      882248/0        ( 0.0%) 
HDR lightdata         [variable]           0/0        ( 0.0%) 
visdata               [variable]        5571/16777216 ( 0.0%) 
entdata               [variable]        1367/393216   ( 0.3%) 
LDR ambient table      372/65536        1488/262144   ( 0.6%) 
HDR ambient table      372/65536        1488/262144   ( 0.6%) 
LDR leaf ambient      1291/65536       36148/1835008  ( 2.0%) 
HDR leaf ambient       372/65536       10416/1835008  ( 0.6%) 
occluders                0/0               0/0        ( 0.0%) 
occluder polygons        0/0               0/0        ( 0.0%) 
occluder vert ind        0/0               0/0        ( 0.0%) 
detail props          [variable]           1/12       ( 8.3%) 
static props          [variable]           1/1350     ( 0.1%) 
pakfile               [variable]      211985/0        ( 0.0%) 
physics               [variable]       56984/4194304  ( 1.4%) 
physics terrain       [variable]           2/1048576  ( 0.0%) 

Level flags = 0

Total triangle count: 1790
Writing d:\leo\backup\sdk_content\mapsrc\gbt_dodgeball.bsp
12 seconds elapsed
