PRT1
233
531
4 0 17 (1534.070068 2048 784 ) (1534.070068 2048 4720.020508 ) (1520 2048 4720.020508 ) (1520 2048 784 ) 
4 0 1 (1520 2416 4720.020508 ) (1520 2430.060059 4720.020508 ) (1520 2430.060059 784 ) (1520 2416 784 ) 
4 0 2 (1520 2048 784 ) (1520 2048 4720.020508 ) (1520 2416 4720.020508 ) (1520 2416 784 ) 
4 1 4 (1024 2416 4720.020508 ) (1024 2430.060059 4720.020508 ) (1024 2430.060059 784 ) (1024 2416 784 ) 
4 1 2 (1520 2416 784 ) (1520 2416 4720.020508 ) (1024 2416 4720.020508 ) (1024 2416 784 ) 
4 2 18 (1024 2048 784 ) (1024 2048 416 ) (1520 2048 416 ) (1520 2048 784 ) 
4 2 17 (1520 2048 4720.020508 ) (1024 2048 4720.020508 ) (1024 2048 784 ) (1520 2048 784 ) 
4 2 5 (1024 2048 416 ) (1024 2048 784 ) (1024 2416 784 ) (1024 2416 416 ) 
4 2 4 (1024 2048 784 ) (1024 2048 4720.020508 ) (1024 2416 4720.020508 ) (1024 2416 784 ) 
4 3 19 (1520 2048 400 ) (1024 2048 400 ) (1024 2048 16 ) (1520 2048 16 ) 
4 3 10 (1024 2048 16 ) (1024 2048 400 ) (1024 2240 400 ) (1024 2240 16 ) 
4 3 8 (1024 2240 400 ) (1024 2416 400 ) (1024 2416 16 ) (1024 2240 16 ) 
4 4 28 (1024 2048 784 ) (1024 2048 4720.020508 ) (0 2048 4720.020508 ) (0 2048 784 ) 
4 4 14 (0 2048 784 ) (0 2048 4720.020508 ) (0 2416 4720.020508 ) (0 2416 784 ) 
4 4 13 (0 2416 4720.020508 ) (0 2430.060059 4720.020508 ) (0 2430.060059 784 ) (0 2416 784 ) 
4 4 6 (0 2416 784 ) (0 2430.060059 784 ) (400 2430.060059 784 ) (400 2416 784 ) 
4 4 7 (624 2048 784 ) (0 2048 784 ) (0 2416 784 ) (624 2416 784 ) 
4 4 5 (1024 2048 784 ) (624 2048 784 ) (624 2416 784 ) (1024 2416 784 ) 
4 5 28 (1024 2048 416 ) (1024 2048 784 ) (624 2048 784 ) (624 2048 416 ) 
4 5 7 (624 2048 416 ) (624 2048 784 ) (624 2416 784 ) (624 2416 416 ) 
4 6 13 (0 2416 784 ) (0 2430.060059 784 ) (0 2430.060059 612.571411 ) (0 2416 612.571411 ) 
3 6 7 (400 2416 784 ) (0 2416 784 ) (0 2416 612.571411 ) 
4 7 29 (0 2048 416 ) (0 2048 400 ) (624 2048 400 ) (624 2048 416 ) 
4 7 28 (624 2048 784 ) (0 2048 784 ) (0 2048 416 ) (624 2048 416 ) 
4 7 14 (0 2048 400 ) (0 2048 784 ) (0 2416 784 ) (0 2416 400 ) 
4 7 12 (624 2048 400 ) (0 2048 400 ) (0 2240 400 ) (624 2240 400 ) 
4 7 9 (0 2240 400 ) (0 2416 400 ) (624 2416 400 ) (624 2240 400 ) 
4 8 10 (656 2240 16 ) (1024 2240 16 ) (1024 2240 400 ) (656 2240 400 ) 
4 9 14 (0 2240 400 ) (0 2416 400 ) (0 2416 16 ) (0 2240 16 ) 
4 9 12 (0 2240 16 ) (640 2240 16 ) (640 2240 400 ) (0 2240 400 ) 
4 10 30 (1024 2048 16 ) (1024 2048 400 ) (656 2048 400 ) (656 2048 16 ) 
4 10 11 (656 2240 320 ) (656 2240 16 ) (656 2048 16 ) (656 2048 320 ) 
4 11 31 (640 2048 320 ) (640 2048 16 ) (656 2048 16 ) (656 2048 320 ) 
4 11 12 (640 2240 320 ) (640 2240 16 ) (640 2048 16 ) (640 2048 320 ) 
4 12 32 (640 2048 400 ) (0 2048 400 ) (0 2048 16 ) (640 2048 16 ) 
4 12 14 (0 2048 16 ) (0 2048 400 ) (0 2240 400 ) (0 2240 16 ) 
4 13 15 (-1024 2416 400 ) (-1024 2416 4720.020508 ) (-1024 2430.060059 4720.020508 ) (-1024 2430.060059 400 ) 
5 13 14 (0 2416 612.571411 ) (0 2416 4720.020508 ) (-1024 2416 4720.020508 ) (-1024 2416 400 ) (-496 2416 400 ) 
5 14 33 (0 2048 16 ) (0 2048 4720.020508 ) (-1024 2048 4720.020508 ) (-1024 2048 9 ) (-28 2048 9 ) 
4 14 16 (-1024 2048 9 ) (-1024 2048 4720.020508 ) (-1024 2416 4720.020508 ) (-1024 2416 9 ) 
4 15 53 (-2048 2416 400 ) (-2048 2416 4720.020508 ) (-2048 2430.060059 4720.020508 ) (-2048 2430.060059 400 ) 
4 15 16 (-2048 2416 4720.020508 ) (-2048 2416 400 ) (-1024 2416 400 ) (-1024 2416 4720.020508 ) 
4 16 54 (-2048 2048 9 ) (-2048 2048 4720.020508 ) (-2048 2416 4720.020508 ) (-2048 2416 9 ) 
4 16 34 (-1024 2048 9 ) (-1024 2048 4720.020508 ) (-2048 2048 4720.020508 ) (-2048 2048 9 ) 
4 17 28 (1024 2048 4720.020508 ) (1024 2048 784 ) (1024 1024 784 ) (1024 1024 4720.020508 ) 
4 17 20 (1534.070068 1024 784 ) (1534.070068 1024 4720.020508 ) (1024 1024 4720.020508 ) (1024 1024 784 ) 
4 17 18 (1024 1024 784 ) (1024 2048 784 ) (1520 2048 784 ) (1520 1024 784 ) 
4 18 28 (1024 2048 784 ) (1024 2048 416 ) (1024 1024 416 ) (1024 1024 784 ) 
4 18 21 (1520 1024 784 ) (1024 1024 784 ) (1024 1024 416 ) (1520 1024 416 ) 
4 19 30 (1024 2048 400 ) (1024 2048 16 ) (1024 1024 16 ) (1024 1024 400 ) 
4 19 23 (1520 1024 400 ) (1024 1024 400 ) (1024 1024 16 ) (1520 1024 16 ) 
4 20 35 (1024 512 4720.020508 ) (1024 1024 4720.020508 ) (1024 1024 784 ) (1024 512 784 ) 
4 20 36 (1024 0 784 ) (1024 0 4720.020508 ) (1024 512 4720.020508 ) (1024 512 784 ) 
4 20 26 (1520 0 784 ) (1534.070068 0 784 ) (1534.070068 0 4720.020508 ) (1520 0 4720.020508 ) 
4 20 27 (1024 0 4720.020508 ) (1024 0 784 ) (1520 0 784 ) (1520 0 4720.020508 ) 
4 20 22 (1024 0 784 ) (1024 512 784 ) (1520 512 784 ) (1520 0 784 ) 
4 20 21 (1024 512 784 ) (1024 1024 784 ) (1520 1024 784 ) (1520 512 784 ) 
4 21 35 (1024 512 784 ) (1024 1024 784 ) (1024 1024 416 ) (1024 512 416 ) 
4 21 22 (1520 512 416 ) (1520 512 784 ) (1024 512 784 ) (1024 512 416 ) 
4 22 36 (1024 0 400 ) (1024 0 784 ) (1024 512 784 ) (1024 512 400 ) 
4 22 27 (1024 0 784 ) (1024 0 400 ) (1520 0 400 ) (1520 0 784 ) 
4 22 25 (1024 0 400 ) (1024 512 400 ) (1520 512 400 ) (1520 0 400 ) 
4 23 41 (1024 544 400 ) (1024 896 400 ) (1024 896 16 ) (1024 544 16 ) 
4 23 38 (1024 896 400 ) (1024 1024 400 ) (1024 1024 16 ) (1024 896 16 ) 
4 23 24 (1024 544 16 ) (1280 544 16 ) (1280 544 320 ) (1024 544 320 ) 
4 24 43 (1024 544 320 ) (1024 544 16 ) (1024 528 16 ) (1024 528 320 ) 
4 24 25 (1024 528 16 ) (1280 528 16 ) (1280 528 320 ) (1024 528 320 ) 
4 25 44 (1024 0 16 ) (1024 0 400 ) (1024 528 400 ) (1024 528 16 ) 
4 25 27 (1024 0 400 ) (1024 0 16 ) (1520 0 16 ) (1520 0 400 ) 
4 26 89 (1534.070068 -1024 784 ) (1534.070068 -1024 4720.020508 ) (1520 -1024 4720.020508 ) (1520 -1024 784 ) 
4 26 27 (1520 -1024 784 ) (1520 -1024 4720.020508 ) (1520 0 4720.020508 ) (1520 0 784 ) 
4 27 90 (1520 -1024 4720.020508 ) (1024 -1024 4720.020508 ) (1024 -1024 16 ) (1520 -1024 16 ) 
4 27 47 (1024 -1024 16 ) (1024 -1024 4720.020508 ) (1024 0 4720.020508 ) (1024 0 16 ) 
4 28 35 (1024 1024 416 ) (1024 1024 4720.020508 ) (624 1024 4720.020508 ) (624 1024 416 ) 
4 28 37 (624 1024 4720.020508 ) (0 1024 4720.020508 ) (0 1024 416 ) (624 1024 416 ) 
4 28 33 (0 2048 4720.020508 ) (0 2048 416 ) (0 1024 416 ) (0 1024 4720.020508 ) 
4 28 29 (624 1024 416 ) (0 1024 416 ) (0 2048 416 ) (624 2048 416 ) 
4 29 37 (624 1024 416 ) (0 1024 416 ) (0 1024 400 ) (624 1024 400 ) 
4 29 33 (0 2048 416 ) (0 2048 400 ) (0 1024 400 ) (0 1024 416 ) 
4 29 32 (0 1024 400 ) (0 2048 400 ) (624 2048 400 ) (624 1024 400 ) 
4 30 38 (1024 1024 16 ) (1024 1024 400 ) (656 1024 400 ) (656 1024 16 ) 
4 30 31 (656 2048 16 ) (656 1024 16 ) (656 1024 320 ) (656 2048 320 ) 
4 31 39 (640 1024 320 ) (640 1024 16 ) (656 1024 16 ) (656 1024 320 ) 
4 31 32 (640 2048 16 ) (640 1024 16 ) (640 1024 320 ) (640 2048 320 ) 
4 32 40 (640 1024 400 ) (0 1024 400 ) (0 1024 16 ) (640 1024 16 ) 
4 32 33 (0 2048 400 ) (0 2048 16 ) (0 1024 16 ) (0 1024 400 ) 
5 33 48 (0 1024 16 ) (0 1024 4720.020508 ) (-1024 1024 4720.020508 ) (-1024 1024 9 ) (-28 1024 9 ) 
4 33 34 (-1024 1024 9 ) (-1024 1024 4720.020508 ) (-1024 2048 4720.020508 ) (-1024 2048 9 ) 
4 34 65 (-2048 1024 9 ) (-2048 1024 4720.020508 ) (-2048 2048 4720.020508 ) (-2048 2048 9 ) 
4 34 50 (-1024 1024 9 ) (-1024 1024 4720.020508 ) (-2048 1024 4720.020508 ) (-2048 1024 9 ) 
4 35 36 (624 512 4720.020508 ) (624 512 416 ) (1024 512 416 ) (1024 512 4720.020508 ) 
4 35 37 (624 512 416 ) (624 512 4720.020508 ) (624 1024 4720.020508 ) (624 1024 416 ) 
4 36 47 (1024 0 400 ) (1024 0 4720.020508 ) (624 0 4720.020508 ) (624 0 400 ) 
4 36 45 (896 0 400 ) (640 0 400 ) (640 512 400 ) (896 512 400 ) 
4 36 46 (640 0 400 ) (624 0 400 ) (624 512 400 ) (640 512 400 ) 
4 36 44 (1024 512 400 ) (1024 0 400 ) (896 0 400 ) (896 512 400 ) 
4 36 37 (624 512 400 ) (624 0 400 ) (624 0 4720.020508 ) (624 512 4720.020508 ) 
4 37 49 (0 512 400 ) (0 0 400 ) (0 0 4720.020508 ) (0 512 4720.020508 ) 
4 37 48 (0 1024 4720.020508 ) (0 1024 400 ) (0 512 400 ) (0 512 4720.020508 ) 
4 37 47 (624 0 4720.020508 ) (0 0 4720.020508 ) (0 0 400 ) (624 0 400 ) 
4 37 46 (0 0 400 ) (0 544 400 ) (624 544 400 ) (624 0 400 ) 
4 37 42 (0 544 400 ) (0 896 400 ) (624 896 400 ) (624 544 400 ) 
4 37 40 (0 896 400 ) (0 1024 400 ) (624 1024 400 ) (624 896 400 ) 
4 38 41 (656 896 16 ) (1024 896 16 ) (1024 896 400 ) (656 896 400 ) 
4 38 39 (656 1024 16 ) (656 896 16 ) (656 896 320 ) (656 1024 320 ) 
4 39 40 (640 1024 16 ) (640 896 16 ) (640 896 320 ) (640 1024 320 ) 
4 40 48 (0 1024 400 ) (0 1024 16 ) (0 896 16 ) (0 896 400 ) 
4 40 42 (0 896 16 ) (640 896 16 ) (640 896 400 ) (0 896 400 ) 
4 41 43 (896 544 16 ) (1024 544 16 ) (1024 544 320 ) (896 544 320 ) 
4 42 48 (0 896 16 ) (0 544 16 ) (0 544 400 ) (0 896 400 ) 
4 42 46 (0 544 16 ) (640 544 16 ) (640 544 400 ) (0 544 400 ) 
4 43 44 (896 528 320 ) (896 528 16 ) (1024 528 16 ) (1024 528 320 ) 
4 44 47 (1024 0 16 ) (1024 0 400 ) (896 0 400 ) (896 0 16 ) 
4 44 45 (896 528 16 ) (896 0 16 ) (896 0 400 ) (896 528 400 ) 
4 45 47 (896 0 400 ) (640 0 400 ) (640 0 16 ) (896 0 16 ) 
4 45 46 (640 528 16 ) (640 0 16 ) (640 0 400 ) (640 528 400 ) 
4 46 49 (0 512 16 ) (0 0 16 ) (0 0 400 ) (0 512 400 ) 
4 46 48 (0 544 16 ) (0 512 16 ) (0 512 400 ) (0 544 400 ) 
4 46 47 (640 0 400 ) (0 0 400 ) (0 0 16 ) (640 0 16 ) 
4 47 101 (1024 -1024 16 ) (1024 -1024 4720.020508 ) (0 -1024 4720.020508 ) (0 -1024 16 ) 
4 47 51 (0 -1024 16 ) (0 -1024 4720.020508 ) (0 0 4720.020508 ) (0 0 16 ) 
4 48 50 (-1024 1024 4720.020508 ) (-1024 1024 9 ) (-1024 512 9 ) (-1024 512 4720.020508 ) 
5 48 49 (0 512 4720.020508 ) (-1024 512 4720.020508 ) (-1024 512 9 ) (-28 512 9 ) (0 512 16 ) 
4 49 51 (0 0 9 ) (0 0 4720.020508 ) (-1024 0 4720.020508 ) (-1024 0 9 ) 
4 49 50 (-1024 0 9 ) (-1024 0 4720.020508 ) (-1024 512 4720.020508 ) (-1024 512 9 ) 
4 50 67 (-2048 0 9 ) (-2048 0 4720.020508 ) (-2048 1024 4720.020508 ) (-2048 1024 9 ) 
4 50 52 (-1024 0 9 ) (-1024 0 4720.020508 ) (-2048 0 4720.020508 ) (-2048 0 9 ) 
4 51 102 (0 -1024 9 ) (0 -1024 4720.020508 ) (-1024 -1024 4720.020508 ) (-1024 -1024 9 ) 
4 51 52 (-1024 0 4720.020508 ) (-1024 0 9 ) (-1024 -1024 9 ) (-1024 -1024 4720.020508 ) 
4 52 103 (-1024 -1024 9 ) (-1024 -1024 4720.020508 ) (-2048 -1024 4720.020508 ) (-2048 -1024 9 ) 
4 52 69 (-2048 -1024 9 ) (-2048 -1024 4720.020508 ) (-2048 0 4720.020508 ) (-2048 0 9 ) 
4 53 55 (-3072 2416 400 ) (-3072 2416 4720.020508 ) (-3072 2430.060059 4720.020508 ) (-3072 2430.060059 400 ) 
4 53 54 (-2048 2416 4720.020508 ) (-3072 2416 4720.020508 ) (-3072 2416 400 ) (-2048 2416 400 ) 
4 54 65 (-2048 2048 9 ) (-2048 2048 4720.020508 ) (-3072 2048 4720.020508 ) (-3072 2048 9 ) 
4 54 56 (-3072 2048 9 ) (-3072 2048 4720.020508 ) (-3072 2416 4720.020508 ) (-3072 2416 9 ) 
4 55 57 (-4096 2416 400 ) (-4096 2416 4720.020508 ) (-4096 2430.060059 4720.020508 ) (-4096 2430.060059 400 ) 
4 55 56 (-3072 2416 4720.020508 ) (-4096 2416 4720.020508 ) (-4096 2416 400 ) (-3072 2416 400 ) 
4 56 66 (-3072 2048 9 ) (-3072 2048 4720.020508 ) (-4096 2048 4720.020508 ) (-4096 2048 9 ) 
4 56 58 (-4096 2048 9 ) (-4096 2048 4720.020508 ) (-4096 2416 4720.020508 ) (-4096 2416 9 ) 
4 57 61 (-5120 2416 400 ) (-5120 2416 4720.020508 ) (-5120 2430.060059 4720.020508 ) (-5120 2430.060059 400 ) 
4 57 60 (-5120 2416 4720.020508 ) (-5120 2416 400 ) (-4752 2416 400 ) (-4752 2416 4720.020508 ) 
4 57 59 (-4752 2416 400 ) (-4736 2416 400 ) (-4736 2416 4720.020508 ) (-4752 2416 4720.020508 ) 
4 57 58 (-4736 2416 400 ) (-4096 2416 400 ) (-4096 2416 4720.020508 ) (-4736 2416 4720.020508 ) 
4 58 71 (-4096 2048 9 ) (-4096 2048 4720.020508 ) (-4736 2048 4720.020508 ) (-4736 2048 9 ) 
4 58 59 (-4736 2416 4720.020508 ) (-4736 2416 16 ) (-4736 2048 16 ) (-4736 2048 4720.020508 ) 
4 59 72 (-4736 2048 16 ) (-4736 2048 4720.020508 ) (-4752 2048 4720.020508 ) (-4752 2048 16 ) 
4 59 60 (-4752 2416 4720.020508 ) (-4752 2416 16 ) (-4752 2048 16 ) (-4752 2048 4720.020508 ) 
4 60 73 (-4752 2048 -383 ) (-4752 2048 4720.020508 ) (-5104 2048 4720.020508 ) (-5104 2048 -383 ) 
4 60 74 (-5104 2048 4720.020508 ) (-5120 2048 4720.020508 ) (-5120 2048 -383 ) (-5104 2048 -383 ) 
4 60 63 (-5120 2048 -383 ) (-5120 2048 4720.020508 ) (-5120 2416 4720.020508 ) (-5120 2416 -383 ) 
4 61 63 (-5120 2416 400 ) (-5120 2416 4720.020508 ) (-6128 2416 4720.020508 ) (-6128 2416 400 ) 
4 61 62 (-6128 2430.060059 4720.020508 ) (-6128 2430.060059 400 ) (-6128 2416 400 ) (-6128 2416 4720.020508 ) 
4 62 64 (-6142.069824 2416 4720.020508 ) (-6142.069824 2416 400 ) (-6128 2416 400 ) (-6128 2416 4720.020508 ) 
4 63 79 (-5120 2048 -383 ) (-5120 2048 4720.020508 ) (-6128 2048 4720.020508 ) (-6128 2048 -383 ) 
4 63 64 (-6128 2416 4720.020508 ) (-6128 2416 400 ) (-6128 2048 400 ) (-6128 2048 4720.020508 ) 
4 64 82 (-6128 2048 400 ) (-6128 2048 4720.020508 ) (-6142.069824 2048 4720.020508 ) (-6142.069824 2048 400 ) 
4 65 67 (-2048 1024 9 ) (-2048 1024 4720.020508 ) (-3072 1024 4720.020508 ) (-3072 1024 9 ) 
4 65 66 (-3072 2048 4720.020508 ) (-3072 2048 9 ) (-3072 1024 9 ) (-3072 1024 4720.020508 ) 
4 66 77 (-4096 1040 9 ) (-4096 1024 9 ) (-4096 1024 4720.020508 ) (-4096 1040 4720.020508 ) 
4 66 71 (-4096 2048 4720.020508 ) (-4096 2048 9 ) (-4096 1040 9 ) (-4096 1040 4720.020508 ) 
4 66 68 (-3072 1024 9 ) (-3072 1024 4720.020508 ) (-4096 1024 4720.020508 ) (-4096 1024 9 ) 
4 67 69 (-2048 0 9 ) (-2048 0 4720.020508 ) (-3072 0 4720.020508 ) (-3072 0 9 ) 
4 67 68 (-3072 0 9 ) (-3072 0 4720.020508 ) (-3072 1024 4720.020508 ) (-3072 1024 9 ) 
4 68 83 (-4096 0 9 ) (-4096 0 4720.020508 ) (-4096 1024 4720.020508 ) (-4096 1024 9 ) 
4 68 70 (-4096 0 4720.020508 ) (-4096 0 9 ) (-3072 0 9 ) (-3072 0 4720.020508 ) 
4 69 170 (-2048 -1024 9 ) (-2048 -1024 4720.020508 ) (-3072 -1024 4720.020508 ) (-3072 -1024 9 ) 
4 69 70 (-3072 0 4720.020508 ) (-3072 0 9 ) (-3072 -1024 9 ) (-3072 -1024 4720.020508 ) 
4 70 171 (-3072 -1024 9 ) (-3072 -1024 4720.020508 ) (-4096 -1024 4720.020508 ) (-4096 -1024 9 ) 
4 70 84 (-4096 -1024 9 ) (-4096 -1024 4720.020508 ) (-4096 0 4720.020508 ) (-4096 0 9 ) 
4 71 77 (-4096 1040 9 ) (-4096 1040 4720.020508 ) (-4736 1040 4720.020508 ) (-4736 1040 9 ) 
4 71 72 (-4736 1040 16 ) (-4736 1040 4720.020508 ) (-4736 2048 4720.020508 ) (-4736 2048 16 ) 
4 72 78 (-4736 1040 16 ) (-4736 1040 4720.020508 ) (-4752 1040 4720.020508 ) (-4752 1040 16 ) 
4 72 75 (-4752 1408 16 ) (-4752 1040 16 ) (-4752 1040 4720.020508 ) (-4752 1408 4720.020508 ) 
4 72 73 (-4752 2048 4720.020508 ) (-4752 2048 16 ) (-4752 1408 16 ) (-4752 1408 4720.020508 ) 
4 73 75 (-4752 1408 16 ) (-4752 1408 4720.020508 ) (-5104 1408 4720.020508 ) (-5104 1408 16 ) 
5 73 74 (-5104 2048 -383 ) (-5104 2030.439941 -383 ) (-5104 1408 16 ) (-5104 1408 4720.020508 ) (-5104 2048 4720.020508 ) 
4 74 79 (-5120 2048 4720.020508 ) (-5120 2048 -383 ) (-5120 1408 -383 ) (-5120 1408 4720.020508 ) 
3 74 76 (-5120 1408 16 ) (-5120 1408 5.743711 ) (-5104 1408 16 ) 
4 74 75 (-5120 1408 4720.020508 ) (-5120 1408 16 ) (-5104 1408 16 ) (-5104 1408 4720.020508 ) 
4 75 80 (-5120 1040 16 ) (-5120 1040 4720.020508 ) (-5120 1408 4720.020508 ) (-5120 1408 16 ) 
4 75 78 (-4752 1040 16 ) (-4752 1040 4720.020508 ) (-5120 1040 4720.020508 ) (-5120 1040 16 ) 
4 75 76 (-5120 1408 16 ) (-5104 1408 16 ) (-5104 1040 16 ) (-5120 1040 16 ) 
4 76 80 (-5120 1040 5.743713 ) (-5120 1040 16 ) (-5120 1408 16 ) (-5120 1408 5.743711 ) 
4 77 83 (-4096 1024 9 ) (-4096 1024 4720.020508 ) (-4736 1024 4720.020508 ) (-4736 1024 9 ) 
4 77 78 (-4736 1040 4720.020508 ) (-4736 1040 16 ) (-4736 1024 16 ) (-4736 1024 4720.020508 ) 
4 78 83 (-4736 1024 16 ) (-4736 1024 4720.020508 ) (-5120 1024 4720.020508 ) (-5120 1024 16 ) 
4 78 81 (-5120 1024 16 ) (-5120 1024 4720.020508 ) (-5120 1040 4720.020508 ) (-5120 1040 16 ) 
4 79 82 (-6128 2048 4720.020508 ) (-6128 2048 400 ) (-6128 1408 400 ) (-6128 1408 4720.020508 ) 
5 79 80 (-6128 1408 -383 ) (-5726.440430 1408 -383 ) (-5120 1408 5.743710 ) (-5120 1408 4720.020508 ) (-6128 1408 4720.020508 ) 
4 80 82 (-6128 1040 400 ) (-6128 1040 4720.020508 ) (-6128 1408 4720.020508 ) (-6128 1408 400 ) 
4 80 81 (-6128 1040 4720.020508 ) (-6128 1040 16 ) (-5120 1040 16 ) (-5120 1040 4720.020508 ) 
4 81 85 (-5120 1024 16 ) (-5120 1024 4720.020508 ) (-6128 1024 4720.020508 ) (-6128 1024 16 ) 
4 81 82 (-6128 1024 400 ) (-6128 1024 4720.020508 ) (-6128 1040 4720.020508 ) (-6128 1040 400 ) 
4 82 86 (-6128 1024 400 ) (-6128 1024 4720.020508 ) (-6142.069824 1024 4720.020508 ) (-6142.069824 1024 400 ) 
4 83 85 (-5120 1024 4720.020508 ) (-5120 1024 9 ) (-5120 0 9 ) (-5120 0 4720.020508 ) 
4 83 84 (-4096 0 9 ) (-4096 0 4720.020508 ) (-5120 0 4720.020508 ) (-5120 0 9 ) 
4 84 182 (-4096 -1024 9 ) (-4096 -1024 4720.020508 ) (-5120 -1024 4720.020508 ) (-5120 -1024 9 ) 
4 84 87 (-5120 -1024 9 ) (-5120 -1024 4720.020508 ) (-5120 0 4720.020508 ) (-5120 0 9 ) 
4 85 87 (-5120 0 9 ) (-5120 0 4720.020508 ) (-6128 0 4720.020508 ) (-6128 0 9 ) 
4 85 86 (-6128 0 4720.020508 ) (-6128 1024 4720.020508 ) (-6128 1024 400 ) (-6128 0 400 ) 
4 86 88 (-6128 0 400 ) (-6128 0 4720.020508 ) (-6142.069824 0 4720.020508 ) (-6142.069824 0 400 ) 
4 87 183 (-5120 -1024 9 ) (-5120 -1024 4720.020508 ) (-6128 -1024 4720.020508 ) (-6128 -1024 9 ) 
4 87 88 (-6128 -1024 4720.020508 ) (-6128 0 4720.020508 ) (-6128 0 400 ) (-6128 -1024 400 ) 
4 88 184 (-6128 -1024 400 ) (-6128 -1024 4720.020508 ) (-6142.069824 -1024 4720.020508 ) (-6142.069824 -1024 400 ) 
4 89 91 (1534.070068 -2048 784 ) (1534.070068 -2048 4720.020508 ) (1520 -2048 4720.020508 ) (1520 -2048 784 ) 
4 89 90 (1520 -2048 784 ) (1520 -2048 4720.020508 ) (1520 -1024 4720.020508 ) (1520 -1024 784 ) 
4 90 101 (1024 -1024 4720.020508 ) (1024 -1024 16 ) (1024 -2048 16 ) (1024 -2048 4720.020508 ) 
4 90 92 (1520 -2048 4720.020508 ) (1024 -2048 4720.020508 ) (1024 -2048 16 ) (1520 -2048 16 ) 
4 91 93 (1534.070068 -3072 784 ) (1534.070068 -3072 4720.020508 ) (1520 -3072 4720.020508 ) (1520 -3072 784 ) 
4 91 92 (1520 -3072 784 ) (1520 -3072 4720.020508 ) (1520 -2048 4720.020508 ) (1520 -2048 784 ) 
4 92 104 (1024 -3072 16 ) (1024 -3072 4720.020508 ) (1024 -2048 4720.020508 ) (1024 -2048 16 ) 
4 92 98 (1024 -3072 400 ) (1024 -3072 16 ) (1280 -3072 16 ) (1280 -3072 400 ) 
4 92 96 (1280 -3072 16 ) (1520 -3072 16 ) (1520 -3072 400 ) (1280 -3072 400 ) 
4 92 94 (1024 -3072 4720.020508 ) (1024 -3072 400 ) (1520 -3072 400 ) (1520 -3072 4720.020508 ) 
4 93 122 (1534.070068 -4096 4720.020508 ) (1520 -4096 4720.020508 ) (1520 -4096 784 ) (1534.070068 -4096 784 ) 
4 93 95 (1520 -4096 784 ) (1520 -4096 4720.020508 ) (1520 -3696 4720.020508 ) (1520 -3696 784 ) 
4 93 94 (1520 -3696 4720.020508 ) (1520 -3072 4720.020508 ) (1520 -3072 784 ) (1520 -3696 784 ) 
4 94 105 (1024 -3696 4720.020508 ) (1024 -3072 4720.020508 ) (1024 -3072 400 ) (1024 -3696 400 ) 
4 94 98 (1024 -3696 400 ) (1024 -3072 400 ) (1280 -3072 400 ) (1280 -3696 400 ) 
4 94 96 (1280 -3072 400 ) (1520 -3072 400 ) (1520 -3696 400 ) (1280 -3696 400 ) 
4 94 95 (1520 -3696 416 ) (1520 -3696 4720.020508 ) (1024 -3696 4720.020508 ) (1024 -3696 416 ) 
4 95 123 (1520 -4096 4720.020508 ) (1024 -4096 4720.020508 ) (1024 -4096 416 ) (1520 -4096 416 ) 
4 95 106 (1024 -4096 416 ) (1024 -4096 4720.020508 ) (1024 -3696 4720.020508 ) (1024 -3696 416 ) 
4 96 98 (1280 -3072 16 ) (1280 -3712 16 ) (1280 -3712 400 ) (1280 -3072 400 ) 
4 97 124 (1520 -4096 400 ) (1280 -4096 400 ) (1280 -4096 16 ) (1520 -4096 16 ) 
4 97 100 (1280 -3728 16 ) (1280 -4096 16 ) (1280 -4096 400 ) (1280 -3728 400 ) 
4 98 108 (1024 -3712 400 ) (1024 -3072 400 ) (1024 -3072 16 ) (1024 -3712 16 ) 
4 98 99 (1024 -3712 16 ) (1280 -3712 16 ) (1280 -3712 320 ) (1024 -3712 320 ) 
4 99 109 (1024 -3712 320 ) (1024 -3712 16 ) (1024 -3728 16 ) (1024 -3728 320 ) 
4 99 100 (1024 -3728 16 ) (1280 -3728 16 ) (1280 -3728 320 ) (1024 -3728 320 ) 
4 100 124 (1280 -4096 400 ) (1024 -4096 400 ) (1024 -4096 16 ) (1280 -4096 16 ) 
4 100 112 (1024 -4096 16 ) (1024 -4096 400 ) (1024 -3728 400 ) (1024 -3728 16 ) 
4 101 104 (1024 -2048 16 ) (1024 -2048 4720.020508 ) (0 -2048 4720.020508 ) (0 -2048 16 ) 
4 101 102 (0 -1024 4720.020508 ) (0 -1024 16 ) (0 -2048 16 ) (0 -2048 4720.020508 ) 
4 102 114 (0 -2048 9 ) (0 -2048 4720.020508 ) (-1024 -2048 4720.020508 ) (-1024 -2048 9 ) 
4 102 103 (-1024 -2048 9 ) (-1024 -2048 4720.020508 ) (-1024 -1024 4720.020508 ) (-1024 -1024 9 ) 
4 103 170 (-2048 -1024 4720.020508 ) (-2048 -1024 9 ) (-2048 -2048 9 ) (-2048 -2048 4720.020508 ) 
4 103 115 (-1024 -2048 9 ) (-1024 -2048 4720.020508 ) (-2048 -2048 4720.020508 ) (-2048 -2048 9 ) 
4 104 114 (0 -2048 4720.020508 ) (0 -2048 16 ) (0 -3072 16 ) (0 -3072 4720.020508 ) 
4 104 110 (512 -3072 400 ) (256 -3072 400 ) (256 -3072 16 ) (512 -3072 16 ) 
4 104 111 (256 -3072 400 ) (0 -3072 400 ) (0 -3072 16 ) (256 -3072 16 ) 
4 104 108 (1024 -3072 16 ) (1024 -3072 400 ) (512 -3072 400 ) (512 -3072 16 ) 
4 104 105 (1024 -3072 400 ) (1024 -3072 4720.020508 ) (240 -3072 4720.020508 ) (240 -3072 400 ) 
4 104 107 (240 -3072 4720.020508 ) (0 -3072 4720.020508 ) (0 -3072 400 ) (240 -3072 400 ) 
4 105 110 (512 -3696 400 ) (256 -3696 400 ) (256 -3072 400 ) (512 -3072 400 ) 
4 105 111 (256 -3696 400 ) (240 -3696 400 ) (240 -3072 400 ) (256 -3072 400 ) 
4 105 108 (1024 -3072 400 ) (1024 -3696 400 ) (512 -3696 400 ) (512 -3072 400 ) 
4 105 106 (240 -3696 4720.020508 ) (240 -3696 416 ) (1024 -3696 416 ) (1024 -3696 4720.020508 ) 
4 105 107 (240 -3072 400 ) (240 -3696 400 ) (240 -3696 4720.020508 ) (240 -3072 4720.020508 ) 
4 106 129 (1024 -4096 416 ) (1024 -4096 4720.020508 ) (240 -4096 4720.020508 ) (240 -4096 416 ) 
4 106 107 (240 -4096 416 ) (240 -4096 4720.020508 ) (240 -3696 4720.020508 ) (240 -3696 416 ) 
4 107 130 (240 -4096 4720.020508 ) (0 -4096 4720.020508 ) (0 -4096 400 ) (240 -4096 400 ) 
4 107 116 (0 -4096 400 ) (0 -4096 4720.020508 ) (0 -3072 4720.020508 ) (0 -3072 400 ) 
4 107 113 (240 -4096 400 ) (0 -4096 400 ) (0 -3728 400 ) (240 -3728 400 ) 
4 107 111 (0 -3728 400 ) (0 -3072 400 ) (240 -3072 400 ) (240 -3728 400 ) 
4 108 110 (512 -3072 16 ) (512 -3712 16 ) (512 -3712 400 ) (512 -3072 400 ) 
4 108 109 (512 -3712 320 ) (512 -3712 16 ) (1024 -3712 16 ) (1024 -3712 320 ) 
4 109 112 (512 -3728 16 ) (1024 -3728 16 ) (1024 -3728 320 ) (512 -3728 320 ) 
4 110 111 (256 -3072 16 ) (256 -3712 16 ) (256 -3712 400 ) (256 -3072 400 ) 
4 111 116 (0 -3728 400 ) (0 -3072 400 ) (0 -3072 16 ) (0 -3728 16 ) 
4 111 113 (0 -3728 16 ) (256 -3728 16 ) (256 -3728 400 ) (0 -3728 400 ) 
4 112 131 (1024 -4096 16 ) (1024 -4096 400 ) (272 -4096 400 ) (272 -4096 16 ) 
4 113 135 (32 -4096 400 ) (0 -4096 400 ) (0 -4096 16 ) (32 -4096 16 ) 
4 113 134 (256 -4096 400 ) (32 -4096 400 ) (32 -4096 16 ) (256 -4096 16 ) 
4 113 116 (0 -4096 16 ) (0 -4096 400 ) (0 -3728 400 ) (0 -3728 16 ) 
4 114 116 (0 -3072 9 ) (0 -3072 4720.020508 ) (-1024 -3072 4720.020508 ) (-1024 -3072 9 ) 
4 114 115 (-1024 -2048 4720.020508 ) (-1024 -2048 9 ) (-1024 -3072 9 ) (-1024 -3072 4720.020508 ) 
4 115 172 (-2048 -3072 9 ) (-2048 -3072 4720.020508 ) (-2048 -2048 4720.020508 ) (-2048 -2048 9 ) 
4 115 118 (-1424 -3072 4720.020508 ) (-2048 -3072 4720.020508 ) (-2048 -3072 9 ) (-1424 -3072 9 ) 
4 115 117 (-1024 -3072 9 ) (-1024 -3072 4720.020508 ) (-1424 -3072 4720.020508 ) (-1424 -3072 9 ) 
4 116 137 (0 -4096 9 ) (0 -4096 4720.020508 ) (-1024 -4096 4720.020508 ) (-1024 -4096 9 ) 
4 116 117 (-1024 -3072 4720.020508 ) (-1024 -3072 9 ) (-1024 -4096 9 ) (-1024 -4096 4720.020508 ) 
4 117 138 (-1024 -4096 9 ) (-1024 -4096 4720.020508 ) (-1424 -4096 4720.020508 ) (-1424 -4096 9 ) 
4 117 119 (-1424 -4096 16 ) (-1424 -4096 4720.020508 ) (-1424 -3824 4720.020508 ) (-1424 -3824 16 ) 
4 117 118 (-1424 -3072 4720.020508 ) (-1424 -3072 9 ) (-1424 -3824 9 ) (-1424 -3824 4720.020508 ) 
4 118 174 (-2048 -3072 4720.020508 ) (-2048 -3072 9 ) (-2048 -3824 9 ) (-2048 -3824 4720.020508 ) 
4 118 119 (-1424 -3824 16 ) (-1424 -3824 4720.020508 ) (-2048 -3824 4720.020508 ) (-2048 -3824 16 ) 
4 119 175 (-2048 -3840 4720.020508 ) (-2048 -3824 4720.020508 ) (-2048 -3824 16 ) (-2048 -3840 16 ) 
4 119 176 (-2048 -4096 16 ) (-2048 -4096 4720.020508 ) (-2048 -3840 4720.020508 ) (-2048 -3840 16 ) 
4 119 139 (-1440 -4096 16 ) (-1424 -4096 16 ) (-1424 -4096 4720.020508 ) (-1440 -4096 4720.020508 ) 
4 119 140 (-2048 -4096 4720.020508 ) (-2048 -4096 16 ) (-1440 -4096 16 ) (-1440 -4096 4720.020508 ) 
4 119 120 (-2048 -4096 16 ) (-2048 -3840 16 ) (-1440 -3840 16 ) (-1440 -4096 16 ) 
4 120 176 (-2048 -4096 1 ) (-2048 -4096 16 ) (-2048 -3840 16 ) (-2048 -3840 1 ) 
4 120 140 (-2048 -4096 16 ) (-2048 -4096 1 ) (-1440 -4096 1 ) (-1440 -4096 16 ) 
4 120 121 (-1440 -4096 1 ) (-2048 -4096 1 ) (-2048 -3840 1 ) (-1440 -3840 1 ) 
4 121 177 (-2048 -4096 -944.985046 ) (-2048 -4096 1 ) (-2048 -3840 1 ) (-2048 -3840 -944.985046 ) 
4 121 141 (-1440 -4096 -944.985046 ) (-1440 -4096 1 ) (-2048 -4096 1 ) (-2048 -4096 -944.985046 ) 
4 122 125 (1534.070068 -5120 784 ) (1534.070068 -5120 4720.020508 ) (1520 -5120 4720.020508 ) (1520 -5120 784 ) 
4 122 123 (1520 -5120 784 ) (1520 -5120 4720.020508 ) (1520 -4096 4720.020508 ) (1520 -4096 784 ) 
4 123 129 (1024 -4096 4720.020508 ) (1024 -4096 416 ) (1024 -5120 416 ) (1024 -5120 4720.020508 ) 
4 123 126 (1024 -5120 4720.020508 ) (1024 -5120 416 ) (1520 -5120 416 ) (1520 -5120 4720.020508 ) 
4 124 131 (1024 -4096 400 ) (1024 -4096 16 ) (1024 -5120 16 ) (1024 -5120 400 ) 
4 124 128 (1520 -5120 400 ) (1024 -5120 400 ) (1024 -5120 16 ) (1520 -5120 16 ) 
4 125 127 (1520 -6142.060059 4720.020508 ) (1520 -6128 4720.020508 ) (1520 -6128 784 ) (1520 -6142.060059 784 ) 
4 125 126 (1520 -6128 4720.020508 ) (1520 -5120 4720.020508 ) (1520 -5120 784 ) (1520 -6128 784 ) 
4 126 142 (1024 -6128 4720.020508 ) (1024 -5120 4720.020508 ) (1024 -5120 416 ) (1024 -6128 416 ) 
4 126 127 (1520 -6128 784 ) (1520 -6128 4720.020508 ) (1024 -6128 4720.020508 ) (1024 -6128 784 ) 
4 127 144 (1024 -6142.060059 4720.020508 ) (1024 -6128 4720.020508 ) (1024 -6128 784 ) (1024 -6142.060059 784 ) 
4 128 145 (1024 -6128 400 ) (1024 -5120 400 ) (1024 -5120 16 ) (1024 -6128 16 ) 
4 129 142 (1024 -5120 416 ) (1024 -5120 4720.020508 ) (240 -5120 4720.020508 ) (240 -5120 416 ) 
4 129 130 (240 -5120 416 ) (240 -5120 4720.020508 ) (240 -4096 4720.020508 ) (240 -4096 416 ) 
4 130 143 (240 -5120 4720.020508 ) (0 -5120 4720.020508 ) (0 -5120 400 ) (240 -5120 400 ) 
4 130 137 (0 -4096 4720.020508 ) (0 -4096 400 ) (0 -5120 400 ) (0 -5120 4720.020508 ) 
4 130 135 (0 -5120 400 ) (0 -4096 400 ) (32 -4096 400 ) (32 -5120 400 ) 
4 130 134 (32 -4096 400 ) (240 -4096 400 ) (240 -5120 400 ) (32 -5120 400 ) 
4 131 145 (1024 -5120 16 ) (1024 -5120 400 ) (272 -5120 400 ) (272 -5120 16 ) 
4 131 132 (272 -4336 16 ) (272 -4608 16 ) (272 -4608 320 ) (272 -4336 320 ) 
4 132 134 (256 -4336 16 ) (256 -4608 16 ) (256 -4608 320 ) (256 -4336 320 ) 
4 133 147 (32 -5120 126.767548 ) (32 -5120 16 ) (256 -5120 16 ) (256 -5120 126.767532 ) 
3 133 136 (32 -4914.290039 16 ) (32 -5120 16 ) (32 -5120 126.767532 ) 
4 134 148 (256 -5120 400 ) (32 -5120 400 ) (32 -5120 155.636429 ) (256 -5120 155.636429 ) 
5 134 135 (32 -4096 16 ) (32 -4864 16 ) (32 -5120 155.636429 ) (32 -5120 400 ) (32 -4096 400 ) 
4 135 149 (32 -5120 400 ) (0 -5120 400 ) (0 -5120 155.636444 ) (32 -5120 155.636444 ) 
5 135 137 (0 -4096 400 ) (0 -4096 16 ) (0 -4864 16 ) (0 -5120 155.636444 ) (0 -5120 400 ) 
4 136 150 (0 -5120 127.609749 ) (0 -5120 16 ) (32 -5120 16 ) (32 -5120 127.609749 ) 
3 136 137 (0 -4912 16 ) (0 -5120 16 ) (0 -5120 127.609749 ) 
4 137 158 (0 -5120 9 ) (0 -5120 400 ) (-1024 -5120 400 ) (-1024 -5120 9 ) 
4 137 157 (0 -5120 400 ) (0 -5120 4720.020508 ) (-1024 -5120 4720.020508 ) (-1024 -5120 400 ) 
4 137 138 (-1024 -5120 9 ) (-1024 -5120 4720.020508 ) (-1024 -4096 4720.020508 ) (-1024 -4096 9 ) 
4 138 167 (-1024 -5120 9 ) (-1024 -5120 16 ) (-1424 -5120 16 ) (-1424 -5120 9 ) 
4 138 164 (-1024 -5120 16 ) (-1024 -5120 400 ) (-1424 -5120 400 ) (-1424 -5120 16 ) 
4 138 162 (-1024 -5120 400 ) (-1024 -5120 4720.020508 ) (-1424 -5120 4720.020508 ) (-1424 -5120 400 ) 
4 138 139 (-1424 -5120 16 ) (-1424 -5120 4720.020508 ) (-1424 -4096 4720.020508 ) (-1424 -4096 16 ) 
4 139 164 (-1424 -5120 16 ) (-1424 -5120 400 ) (-1440 -5120 400 ) (-1440 -5120 16 ) 
4 139 162 (-1424 -5120 400 ) (-1424 -5120 4720.020508 ) (-1440 -5120 4720.020508 ) (-1440 -5120 400 ) 
4 139 140 (-1440 -5120 16 ) (-1440 -5120 4720.020508 ) (-1440 -4096 4720.020508 ) (-1440 -4096 16 ) 
4 140 197 (-2048 -5120 1 ) (-2048 -5120 4720.020508 ) (-2048 -4096 4720.020508 ) (-2048 -4096 1 ) 
4 140 168 (-2048 -5120 16 ) (-2048 -5120 1 ) (-1440 -5120 1 ) (-1440 -5120 16 ) 
4 140 164 (-2048 -5120 400 ) (-2048 -5120 16 ) (-1440 -5120 16 ) (-1440 -5120 400 ) 
4 140 162 (-2048 -5120 4720.020508 ) (-2048 -5120 400 ) (-1440 -5120 400 ) (-1440 -5120 4720.020508 ) 
4 140 141 (-2048 -5120 1 ) (-2048 -4096 1 ) (-1440 -4096 1 ) (-1440 -5120 1 ) 
4 141 198 (-2048 -5120 -944.985046 ) (-2048 -5120 1 ) (-2048 -4096 1 ) (-2048 -4096 -944.985046 ) 
4 141 169 (-1440 -5120 -944.985046 ) (-1440 -5120 1 ) (-2048 -5120 1 ) (-2048 -5120 -944.985046 ) 
4 142 144 (1024 -6128 784 ) (1024 -6128 4720.020508 ) (240 -6128 4720.020508 ) (240 -6128 784 ) 
4 142 143 (240 -6128 416 ) (240 -6128 4720.020508 ) (240 -5120 4720.020508 ) (240 -5120 416 ) 
4 143 157 (0 -5120 4720.020508 ) (0 -5120 400 ) (0 -6128 400 ) (0 -6128 4720.020508 ) 
4 143 153 (32 -5568 400 ) (32.521301 -5568 400 ) (32.521301 -5614.700684 400 ) (32 -5614.700684 400 ) 
4 143 149 (0 -5568 400 ) (0 -5120 400 ) (32 -5120 400 ) (32 -5568 400 ) 
4 143 148 (32 -5120 400 ) (240 -5120 400 ) (240 -5568 400 ) (32 -5568 400 ) 
4 143 144 (240 -6128 784 ) (240 -6128 4720.020508 ) (0 -6128 4720.020508 ) (0 -6128 784 ) 
4 144 161 (0 -6142.060059 784 ) (0 -6142.060059 4720.020508 ) (0 -6128 4720.020508 ) (0 -6128 784 ) 
4 145 146 (272 -5792 16 ) (272 -6064 16 ) (272 -6064 320 ) (272 -5792 320 ) 
4 146 151 (256 -5792 16 ) (256 -6064 16 ) (256 -6064 320 ) (256 -5792 320 ) 
4 147 155 (32 -5568 16 ) (32.521301 -5568 16 ) (32.521301 -5568 368 ) (32 -5568 368 ) 
4 147 152 (32.521301 -5568 16 ) (240 -5568 16 ) (240 -5568 368 ) (32.521301 -5568 368 ) 
4 147 151 (240 -5568 16 ) (256 -5568 16 ) (256 -5568 368 ) (240 -5568 368 ) 
4 147 150 (32 -5120 16 ) (32 -5568 16 ) (32 -5568 368 ) (32 -5120 126.767548 ) 
3 148 149 (32 -5568 400 ) (32 -5120 400 ) (32 -5120 155.636429 ) 
3 149 158 (0 -5120 400 ) (0 -5120 155.636444 ) (0 -5568 400 ) 
4 150 158 (0 -5120 127.609749 ) (0 -5120 16 ) (0 -5568 16 ) (0 -5568 368 ) 
4 150 155 (0 -5568 16 ) (32 -5568 16 ) (32 -5568 368 ) (0 -5568 368 ) 
4 151 152 (240 -5568 371 ) (240 -5568 16 ) (240 -6128 16 ) (240 -6128 371 ) 
4 152 156 (32.521301 -5616 16 ) (32.521301 -6128 16 ) (32.521301 -6128 371 ) (32.521301 -5616 371 ) 
4 152 154 (32.521301 -5614.700684 368 ) (32.521301 -5616 368 ) (32.521301 -5616 371 ) (32.521301 -5614.700684 371 ) 
4 152 153 (32.521301 -5568 371 ) (32.521301 -5568 368 ) (32.521301 -5614.700684 368 ) (32.521301 -5614.700684 371 ) 
4 152 155 (32.521301 -5568 368 ) (32.521301 -5568 16 ) (32.521301 -5616 16 ) (32.521301 -5616 368 ) 
4 153 154 (32 -5614.700684 368 ) (32.521301 -5614.700684 368 ) (32.521301 -5614.700684 371 ) (32 -5614.700684 371 ) 
4 153 155 (32 -5568 368 ) (32.521301 -5568 368 ) (32.521301 -5614.700684 368 ) (32 -5614.700684 368 ) 
4 154 156 (32.521301 -5616 368 ) (32.521301 -5616 371 ) (32 -5616 371 ) (32 -5616 368 ) 
4 154 155 (32.521301 -5616 368 ) (32 -5616 368 ) (32 -5614.700684 368 ) (32.521301 -5614.700684 368 ) 
4 155 159 (0 -5568 16 ) (0 -5616 16 ) (0 -5616 368 ) (0 -5568 368 ) 
4 155 156 (0 -5616 16 ) (32.521301 -5616 16 ) (32.521301 -5616 368 ) (0 -5616 368 ) 
4 156 160 (0 -5616 16 ) (0 -6128 16 ) (0 -6128 371 ) (0 -5616 371 ) 
4 157 162 (-1024 -5120 4720.020508 ) (-1024 -5120 400 ) (-1024 -6128 400 ) (-1024 -6128 4720.020508 ) 
4 157 161 (0 -6128 784 ) (0 -6128 4720.020508 ) (-1024 -6128 4720.020508 ) (-1024 -6128 784 ) 
4 157 158 (-1024 -5568 400 ) (-1024 -5120 400 ) (0 -5120 400 ) (0 -5568 400 ) 
4 158 167 (-1024 -5120 16 ) (-1024 -5120 9 ) (-1024 -5568 9 ) (-1024 -5568 16 ) 
4 158 164 (-1024 -5120 400 ) (-1024 -5120 16 ) (-1024 -5568 16 ) (-1024 -5568 400 ) 
4 158 159 (-1024 -5568 9 ) (0 -5568 9 ) (0 -5568 368 ) (-1024 -5568 368 ) 
4 159 167 (-1024 -5568 9 ) (-1024 -5616 9 ) (-1024 -5616 16 ) (-1024 -5568 16 ) 
4 159 165 (-1024 -5616 16 ) (-1024 -5616 368 ) (-1024 -5568 368 ) (-1024 -5568 16 ) 
4 159 160 (0 -5616 9 ) (0 -5616 368 ) (-1024 -5616 368 ) (-1024 -5616 9 ) 
4 160 167 (-1024 -6128 9 ) (-1024 -6128 16 ) (-1024 -5616 16 ) (-1024 -5616 9 ) 
4 160 166 (-1024 -6128 16 ) (-1024 -6128 371 ) (-1024 -5616 371 ) (-1024 -5616 16 ) 
4 161 163 (-1024 -6142.060059 784 ) (-1024 -6142.060059 4720.020508 ) (-1024 -6128 4720.020508 ) (-1024 -6128 784 ) 
4 162 201 (-2048 -6128 4720.020508 ) (-2048 -5120 4720.020508 ) (-2048 -5120 400 ) (-2048 -6128 400 ) 
4 162 164 (-2048 -5568 400 ) (-2048 -5120 400 ) (-1024 -5120 400 ) (-1024 -5568 400 ) 
4 162 163 (-1024 -6128 784 ) (-1024 -6128 4720.020508 ) (-2048 -6128 4720.020508 ) (-2048 -6128 784 ) 
4 163 202 (-2048 -6142.060059 4720.020508 ) (-2048 -6128 4720.020508 ) (-2048 -6128 784 ) (-2048 -6142.060059 784 ) 
4 164 203 (-2048 -5568 400 ) (-2048 -5120 400 ) (-2048 -5120 16 ) (-2048 -5568 16 ) 
4 164 168 (-2048 -5568 16 ) (-2048 -5120 16 ) (-1440 -5120 16 ) (-1440 -5568 16 ) 
4 164 167 (-1424 -5120 16 ) (-1024 -5120 16 ) (-1024 -5568 16 ) (-1424 -5568 16 ) 
4 164 165 (-2048 -5568 16 ) (-1024 -5568 16 ) (-1024 -5568 368 ) (-2048 -5568 368 ) 
4 165 204 (-2048 -5568 368 ) (-2048 -5568 16 ) (-2048 -5616 16 ) (-2048 -5616 368 ) 
4 165 168 (-2048 -5616 16 ) (-2048 -5568 16 ) (-1440 -5568 16 ) (-1440 -5616 16 ) 
4 165 167 (-1424 -5568 16 ) (-1024 -5568 16 ) (-1024 -5616 16 ) (-1424 -5616 16 ) 
4 165 166 (-2048 -5616 16 ) (-1024 -5616 16 ) (-1024 -5616 368 ) (-2048 -5616 368 ) 
4 166 205 (-2048 -5616 371 ) (-2048 -5616 16 ) (-2048 -6128 16 ) (-2048 -6128 371 ) 
4 166 168 (-2048 -6128 16 ) (-2048 -5616 16 ) (-1440 -5616 16 ) (-1440 -6128 16 ) 
4 166 167 (-1424 -5616 16 ) (-1024 -5616 16 ) (-1024 -6128 16 ) (-1424 -6128 16 ) 
4 168 205 (-2048 -5616 1 ) (-2048 -6128 1 ) (-2048 -6128 16 ) (-2048 -5616 16 ) 
4 168 204 (-2048 -5568 1 ) (-2048 -5616 1 ) (-2048 -5616 16 ) (-2048 -5568 16 ) 
4 168 203 (-2048 -5120 16 ) (-2048 -5120 1 ) (-2048 -5568 1 ) (-2048 -5568 16 ) 
4 168 169 (-2048 -6128 1 ) (-2048 -5120 1 ) (-1440 -5120 1 ) (-1440 -6128 1 ) 
4 169 206 (-2048 -6128 -944.985046 ) (-2048 -6128 1 ) (-2048 -5120 1 ) (-2048 -5120 -944.985046 ) 
4 170 172 (-2048 -2048 9 ) (-2048 -2048 4720.020508 ) (-3072 -2048 4720.020508 ) (-3072 -2048 9 ) 
4 170 171 (-3072 -1024 4720.020508 ) (-3072 -1024 9 ) (-3072 -2048 9 ) (-3072 -2048 4720.020508 ) 
4 171 182 (-4096 -1024 4720.020508 ) (-4096 -1024 9 ) (-4096 -2048 9 ) (-4096 -2048 4720.020508 ) 
4 171 173 (-3072 -2048 9 ) (-3072 -2048 4720.020508 ) (-4096 -2048 4720.020508 ) (-4096 -2048 9 ) 
4 172 174 (-2048 -3072 9 ) (-2048 -3072 4720.020508 ) (-3072 -3072 4720.020508 ) (-3072 -3072 9 ) 
4 172 173 (-3072 -3072 9 ) (-3072 -3072 4720.020508 ) (-3072 -2048 4720.020508 ) (-3072 -2048 9 ) 
4 173 185 (-4096 -3072 9 ) (-4096 -3072 4720.020508 ) (-4096 -2048 4720.020508 ) (-4096 -2048 9 ) 
4 173 178 (-4096 -3072 4720.020508 ) (-4096 -3072 9 ) (-3072 -3072 9 ) (-3072 -3072 4720.020508 ) 
4 174 178 (-3072 -3072 4720.020508 ) (-3072 -3072 9 ) (-3072 -3824 9 ) (-3072 -3824 4720.020508 ) 
4 174 175 (-3072 -3824 4720.020508 ) (-3072 -3824 16 ) (-2048 -3824 16 ) (-2048 -3824 4720.020508 ) 
4 175 179 (-3072 -3840 16 ) (-3072 -3840 4720.020508 ) (-3072 -3824 4720.020508 ) (-3072 -3824 16 ) 
4 175 176 (-2048 -3840 16 ) (-2048 -3840 4720.020508 ) (-3072 -3840 4720.020508 ) (-3072 -3840 16 ) 
4 176 197 (-2048 -4096 1 ) (-2048 -4096 4720.020508 ) (-3072 -4096 4720.020508 ) (-3072 -4096 1 ) 
4 176 180 (-3072 -3840 1 ) (-3072 -4096 1 ) (-3072 -4096 4720.020508 ) (-3072 -3840 4720.020508 ) 
4 176 177 (-2048 -3840 1 ) (-2048 -4096 1 ) (-3072 -4096 1 ) (-3072 -3840 1 ) 
4 177 198 (-2048 -4096 -944.985046 ) (-2048 -4096 1 ) (-3072 -4096 1 ) (-3072 -4096 -944.985046 ) 
4 177 181 (-3072 -4096 -944.985046 ) (-3072 -4096 1 ) (-3072 -3840 1 ) (-3072 -3840 -944.985046 ) 
4 178 186 (-4096 -3072 4720.020508 ) (-4096 -3072 9 ) (-4096 -3824 9 ) (-4096 -3824 4720.020508 ) 
4 178 179 (-3072 -3824 16 ) (-3072 -3824 4720.020508 ) (-4096 -3824 4720.020508 ) (-4096 -3824 16 ) 
4 179 187 (-4096 -3840 4720.020508 ) (-4096 -3824 4720.020508 ) (-4096 -3824 16 ) (-4096 -3840 16 ) 
4 179 180 (-3072 -3840 16 ) (-3072 -3840 4720.020508 ) (-4096 -3840 4720.020508 ) (-4096 -3840 16 ) 
4 180 199 (-3072 -4096 1 ) (-3072 -4096 4720.020508 ) (-4096 -4096 4720.020508 ) (-4096 -4096 1 ) 
4 180 188 (-4096 -4096 1 ) (-4096 -4096 4720.020508 ) (-4096 -3840 4720.020508 ) (-4096 -3840 1 ) 
4 180 181 (-4096 -4096 1 ) (-4096 -3840 1 ) (-3072 -3840 1 ) (-3072 -4096 1 ) 
4 181 200 (-3072 -4096 -944.985046 ) (-3072 -4096 1 ) (-4096 -4096 1 ) (-4096 -4096 -944.985046 ) 
4 181 189 (-4096 -4096 -944.985046 ) (-4096 -4096 1 ) (-4096 -3840 1 ) (-4096 -3840 -944.985046 ) 
4 182 185 (-4096 -2048 9 ) (-4096 -2048 4720.020508 ) (-5120 -2048 4720.020508 ) (-5120 -2048 9 ) 
4 182 183 (-5120 -1024 4720.020508 ) (-5120 -1024 9 ) (-5120 -2048 9 ) (-5120 -2048 4720.020508 ) 
4 183 190 (-5120 -2048 9 ) (-5120 -2048 4720.020508 ) (-6128 -2048 4720.020508 ) (-6128 -2048 9 ) 
4 183 184 (-6128 -2048 400 ) (-6128 -2048 4720.020508 ) (-6128 -1024 4720.020508 ) (-6128 -1024 400 ) 
4 184 191 (-6128 -2048 400 ) (-6128 -2048 4720.020508 ) (-6142.069824 -2048 4720.020508 ) (-6142.069824 -2048 400 ) 
4 185 190 (-5120 -2048 4720.020508 ) (-5120 -2048 9 ) (-5120 -3072 9 ) (-5120 -3072 4720.020508 ) 
4 185 186 (-4096 -3072 9 ) (-4096 -3072 4720.020508 ) (-5120 -3072 4720.020508 ) (-5120 -3072 9 ) 
4 186 192 (-5120 -3072 4720.020508 ) (-5120 -3072 9 ) (-5120 -3824 9 ) (-5120 -3824 4720.020508 ) 
4 186 187 (-4096 -3824 16 ) (-4096 -3824 4720.020508 ) (-5120 -3824 4720.020508 ) (-5120 -3824 16 ) 
4 187 193 (-5120 -3840 4720.020508 ) (-5120 -3824 4720.020508 ) (-5120 -3824 16 ) (-5120 -3840 16 ) 
4 187 188 (-4096 -3840 16 ) (-4096 -3840 4720.020508 ) (-5120 -3840 4720.020508 ) (-5120 -3840 16 ) 
4 188 213 (-4096 -4096 1 ) (-4096 -4096 4720.020508 ) (-5120 -4096 4720.020508 ) (-5120 -4096 1 ) 
4 188 194 (-5120 -4096 1 ) (-5120 -4096 16 ) (-5120 -3840 16 ) (-5120 -3840 1 ) 
4 188 193 (-5120 -4096 16 ) (-5120 -4096 4720.020508 ) (-5120 -3840 4720.020508 ) (-5120 -3840 16 ) 
4 188 189 (-4096 -4096 1 ) (-5120 -4096 1 ) (-5120 -3840 1 ) (-4096 -3840 1 ) 
4 189 214 (-4096 -4096 -944.985046 ) (-4096 -4096 1 ) (-5120 -4096 1 ) (-5120 -4096 -944.985046 ) 
4 189 196 (-5120 -4096 -944.985046 ) (-5120 -4096 1 ) (-5120 -3840 1 ) (-5120 -3840 -944.985046 ) 
4 190 192 (-5120 -3072 9 ) (-5120 -3072 4720.020508 ) (-6128 -3072 4720.020508 ) (-6128 -3072 9 ) 
4 190 191 (-6128 -3072 4720.020508 ) (-6128 -2048 4720.020508 ) (-6128 -2048 400 ) (-6128 -3072 400 ) 
4 191 195 (-6128 -3072 400 ) (-6128 -3072 4720.020508 ) (-6142.069824 -3072 4720.020508 ) (-6142.069824 -3072 400 ) 
4 192 195 (-6128 -3072 4720.020508 ) (-6128 -3072 400 ) (-6128 -3824 400 ) (-6128 -3824 4720.020508 ) 
4 192 193 (-6128 -3824 4720.020508 ) (-6128 -3824 16 ) (-5120 -3824 16 ) (-5120 -3824 4720.020508 ) 
4 193 218 (-5120 -4096 16 ) (-5120 -4096 400 ) (-6128 -4096 400 ) (-6128 -4096 16 ) 
4 193 216 (-5120 -4096 400 ) (-5120 -4096 784 ) (-6128 -4096 784 ) (-6128 -4096 400 ) 
4 193 215 (-5120 -4096 784 ) (-5120 -4096 4720.020508 ) (-6128 -4096 4720.020508 ) (-6128 -4096 784 ) 
5 193 195 (-6128 -4096 462.836365 ) (-6128 -4096 4720.020508 ) (-6128 -3824 4720.020508 ) (-6128 -3824 400 ) (-6128 -3952 400 ) 
4 193 194 (-5120 -4096 16 ) (-6128 -4096 16 ) (-6128 -3840 16 ) (-5120 -3840 16 ) 
4 194 218 (-5120 -4096 1 ) (-5120 -4096 16 ) (-6128 -4096 16 ) (-6128 -4096 1 ) 
4 194 196 (-5120 -3840 1 ) (-5120 -4096 1 ) (-6128 -4096 1 ) (-6128 -3840 1 ) 
4 195 217 (-6142.069824 -4096 784 ) (-6142.069824 -4096 462.836334 ) (-6128 -4096 462.836365 ) (-6128 -4096 784 ) 
4 195 215 (-6142.069824 -4096 4720.020508 ) (-6142.069824 -4096 784 ) (-6128 -4096 784 ) (-6128 -4096 4720.020508 ) 
4 196 219 (-5120 -4096 -944.985046 ) (-5120 -4096 1 ) (-6128 -4096 1 ) (-6128 -4096 -944.985046 ) 
4 197 203 (-2048 -5120 1 ) (-2048 -5120 400 ) (-3072 -5120 400 ) (-3072 -5120 1 ) 
4 197 201 (-2048 -5120 400 ) (-2048 -5120 4720.020508 ) (-3072 -5120 4720.020508 ) (-3072 -5120 400 ) 
4 197 199 (-3072 -4096 4720.020508 ) (-3072 -4096 1 ) (-3072 -5120 1 ) (-3072 -5120 4720.020508 ) 
4 197 198 (-2048 -5120 1 ) (-3072 -5120 1 ) (-3072 -4096 1 ) (-2048 -4096 1 ) 
4 198 206 (-2048 -5120 -944.985046 ) (-2048 -5120 1 ) (-3072 -5120 1 ) (-3072 -5120 -944.985046 ) 
4 198 200 (-3072 -4096 1 ) (-3072 -4096 -944.985046 ) (-3072 -5120 -944.985046 ) (-3072 -5120 1 ) 
4 199 213 (-4096 -4096 4720.020508 ) (-4096 -4096 1 ) (-4096 -5120 1 ) (-4096 -5120 4720.020508 ) 
4 199 209 (-3072 -5120 1 ) (-3072 -5120 400 ) (-4096 -5120 400 ) (-4096 -5120 1 ) 
4 199 207 (-3072 -5120 400 ) (-3072 -5120 4720.020508 ) (-4096 -5120 4720.020508 ) (-4096 -5120 400 ) 
4 199 200 (-4096 -4096 1 ) (-3072 -4096 1 ) (-3072 -5120 1 ) (-4096 -5120 1 ) 
4 200 214 (-4096 -4096 1 ) (-4096 -4096 -944.985046 ) (-4096 -5120 -944.985046 ) (-4096 -5120 1 ) 
4 200 212 (-3072 -5120 -944.985046 ) (-3072 -5120 1 ) (-4096 -5120 1 ) (-4096 -5120 -944.985046 ) 
4 201 207 (-3072 -6128 4720.020508 ) (-3072 -5120 4720.020508 ) (-3072 -5120 400 ) (-3072 -6128 400 ) 
4 201 203 (-3072 -5568 400 ) (-3072 -5120 400 ) (-2048 -5120 400 ) (-2048 -5568 400 ) 
4 201 202 (-2048 -6128 784 ) (-2048 -6128 4720.020508 ) (-3072 -6128 4720.020508 ) (-3072 -6128 784 ) 
4 202 208 (-3072 -6142.060059 4720.020508 ) (-3072 -6128 4720.020508 ) (-3072 -6128 784 ) (-3072 -6142.060059 784 ) 
4 203 209 (-3072 -5568 400 ) (-3072 -5120 400 ) (-3072 -5120 1 ) (-3072 -5568 1 ) 
4 203 206 (-3072 -5568 1 ) (-3072 -5120 1 ) (-2048 -5120 1 ) (-2048 -5568 1 ) 
4 203 204 (-3072 -5568 1 ) (-2048 -5568 1 ) (-2048 -5568 368 ) (-3072 -5568 368 ) 
4 204 210 (-3072 -5568 368 ) (-3072 -5568 1 ) (-3072 -5616 1 ) (-3072 -5616 368 ) 
4 204 206 (-3072 -5616 1 ) (-3072 -5568 1 ) (-2048 -5568 1 ) (-2048 -5616 1 ) 
4 204 205 (-3072 -5616 1 ) (-2048 -5616 1 ) (-2048 -5616 368 ) (-3072 -5616 368 ) 
4 205 211 (-3072 -5616 371 ) (-3072 -5616 1 ) (-3072 -6128 1 ) (-3072 -6128 371 ) 
4 205 206 (-3072 -6128 1 ) (-3072 -5616 1 ) (-2048 -5616 1 ) (-2048 -6128 1 ) 
4 206 212 (-3072 -6128 -944.985046 ) (-3072 -6128 1 ) (-3072 -5120 1 ) (-3072 -5120 -944.985046 ) 
4 207 220 (-4096 -6128 4720.020508 ) (-4096 -5120 4720.020508 ) (-4096 -5120 400 ) (-4096 -6128 400 ) 
4 207 209 (-4096 -5568 400 ) (-4096 -5120 400 ) (-3072 -5120 400 ) (-3072 -5568 400 ) 
4 207 208 (-3072 -6128 784 ) (-3072 -6128 4720.020508 ) (-4096 -6128 4720.020508 ) (-4096 -6128 784 ) 
4 208 221 (-4096 -6142.060059 4720.020508 ) (-4096 -6128 4720.020508 ) (-4096 -6128 784 ) (-4096 -6142.060059 784 ) 
4 209 222 (-4096 -5568 400 ) (-4096 -5120 400 ) (-4096 -5120 1 ) (-4096 -5568 1 ) 
4 209 212 (-4096 -5120 1 ) (-3072 -5120 1 ) (-3072 -5568 1 ) (-4096 -5568 1 ) 
4 209 210 (-4096 -5568 1 ) (-3072 -5568 1 ) (-3072 -5568 368 ) (-4096 -5568 368 ) 
4 210 223 (-4096 -5568 368 ) (-4096 -5568 1 ) (-4096 -5616 1 ) (-4096 -5616 368 ) 
4 210 212 (-3072 -5568 1 ) (-3072 -5616 1 ) (-4096 -5616 1 ) (-4096 -5568 1 ) 
4 210 211 (-4096 -5616 1 ) (-3072 -5616 1 ) (-3072 -5616 368 ) (-4096 -5616 368 ) 
4 211 224 (-4096 -5616 371 ) (-4096 -5616 1 ) (-4096 -6128 1 ) (-4096 -6128 371 ) 
4 211 212 (-3072 -5616 1 ) (-3072 -6128 1 ) (-4096 -6128 1 ) (-4096 -5616 1 ) 
4 212 225 (-4096 -6128 -944.985046 ) (-4096 -6128 1 ) (-4096 -5120 1 ) (-4096 -5120 -944.985046 ) 
4 213 222 (-4096 -5120 1 ) (-4096 -5120 400 ) (-5120 -5120 400 ) (-5120 -5120 1 ) 
4 213 220 (-4096 -5120 400 ) (-4096 -5120 4720.020508 ) (-5120 -5120 4720.020508 ) (-5120 -5120 400 ) 
4 213 218 (-5120 -4096 400 ) (-5120 -4096 1 ) (-5120 -5120 1 ) (-5120 -5120 400 ) 
4 213 216 (-5120 -4096 784 ) (-5120 -4096 400 ) (-5120 -5120 400 ) (-5120 -5120 784 ) 
4 213 215 (-5120 -4096 4720.020508 ) (-5120 -4096 784 ) (-5120 -5120 784 ) (-5120 -5120 4720.020508 ) 
4 213 214 (-4096 -5120 1 ) (-5120 -5120 1 ) (-5120 -4096 1 ) (-4096 -4096 1 ) 
4 214 225 (-4096 -5120 -944.985046 ) (-4096 -5120 1 ) (-5120 -5120 1 ) (-5120 -5120 -944.985046 ) 
4 214 219 (-5120 -4096 1 ) (-5120 -4096 -944.985046 ) (-5120 -5120 -944.985046 ) (-5120 -5120 1 ) 
4 215 227 (-6128 -5120 4720.020508 ) (-6142.069824 -5120 4720.020508 ) (-6142.069824 -5120 784 ) (-6128 -5120 784 ) 
4 215 226 (-5120 -5120 784 ) (-5120 -5120 4720.020508 ) (-6128 -5120 4720.020508 ) (-6128 -5120 784 ) 
4 215 217 (-6142.069824 -4832 784 ) (-6142.069824 -4096 784 ) (-6128 -4096 784 ) (-6128 -4832 784 ) 
4 215 216 (-6128 -4096 784 ) (-5120 -4096 784 ) (-5120 -5120 784 ) (-6128 -5120 784 ) 
4 216 226 (-5120 -5120 400 ) (-5120 -5120 784 ) (-6128 -5120 784 ) (-6128 -5120 400 ) 
4 216 218 (-5120 -5120 400 ) (-6128 -5120 400 ) (-6128 -4096 400 ) (-5120 -4096 400 ) 
3 216 217 (-6128 -4832 784 ) (-6128 -4096 784 ) (-6128 -4096 462.836365 ) 
4 218 229 (-5120 -5120 1 ) (-5120 -5120 400 ) (-6128 -5120 400 ) (-6128 -5120 1 ) 
4 218 219 (-5120 -5120 1 ) (-6128 -5120 1 ) (-6128 -4096 1 ) (-5120 -4096 1 ) 
4 219 232 (-5120 -5120 -944.985046 ) (-5120 -5120 1 ) (-6128 -5120 1 ) (-6128 -5120 -944.985046 ) 
4 220 226 (-5120 -5120 4720.020508 ) (-5120 -5120 400 ) (-5120 -6128 400 ) (-5120 -6128 4720.020508 ) 
4 220 222 (-5120 -5568 400 ) (-5120 -5120 400 ) (-4096 -5120 400 ) (-4096 -5568 400 ) 
4 220 221 (-4096 -6128 784 ) (-4096 -6128 4720.020508 ) (-5120 -6128 4720.020508 ) (-5120 -6128 784 ) 
4 221 228 (-5120 -6142.060059 784 ) (-5120 -6142.060059 4720.020508 ) (-5120 -6128 4720.020508 ) (-5120 -6128 784 ) 
4 222 229 (-5120 -5120 400 ) (-5120 -5120 1 ) (-5120 -5568 1 ) (-5120 -5568 400 ) 
4 222 225 (-5120 -5568 1 ) (-5120 -5120 1 ) (-4096 -5120 1 ) (-4096 -5568 1 ) 
4 222 223 (-5120 -5568 1 ) (-4096 -5568 1 ) (-4096 -5568 368 ) (-5120 -5568 368 ) 
4 223 230 (-5120 -5568 1 ) (-5120 -5616 1 ) (-5120 -5616 368 ) (-5120 -5568 368 ) 
4 223 225 (-5120 -5616 1 ) (-5120 -5568 1 ) (-4096 -5568 1 ) (-4096 -5616 1 ) 
4 223 224 (-5120 -5616 1 ) (-4096 -5616 1 ) (-4096 -5616 368 ) (-5120 -5616 368 ) 
4 224 231 (-5120 -5616 1 ) (-5120 -6128 1 ) (-5120 -6128 371 ) (-5120 -5616 371 ) 
4 224 225 (-5120 -6128 1 ) (-5120 -5616 1 ) (-4096 -5616 1 ) (-4096 -6128 1 ) 
4 225 232 (-5120 -5120 1 ) (-5120 -5120 -944.985046 ) (-5120 -6128 -944.985046 ) (-5120 -6128 1 ) 
4 226 229 (-6128 -5120 400 ) (-5120 -5120 400 ) (-5120 -5568 400 ) (-6128 -5568 400 ) 
4 226 228 (-5120 -6128 784 ) (-5120 -6128 4720.020508 ) (-6128 -6128 4720.020508 ) (-6128 -6128 784 ) 
4 226 227 (-6128 -6128 784 ) (-6128 -6128 4720.020508 ) (-6128 -5120 4720.020508 ) (-6128 -5120 784 ) 
4 227 228 (-6128 -6128 784 ) (-6128 -6128 4720.020508 ) (-6142.069824 -6128 4720.020508 ) (-6142.069824 -6128 784 ) 
4 229 232 (-6128 -5568 1 ) (-6128 -5120 1 ) (-5120 -5120 1 ) (-5120 -5568 1 ) 
4 229 230 (-6128 -5568 368 ) (-6128 -5568 1 ) (-5120 -5568 1 ) (-5120 -5568 368 ) 
4 230 232 (-6128 -5616 1 ) (-6128 -5568 1 ) (-5120 -5568 1 ) (-5120 -5616 1 ) 
4 230 231 (-6128 -5616 368 ) (-6128 -5616 1 ) (-5120 -5616 1 ) (-5120 -5616 368 ) 
4 231 232 (-6128 -6128 1 ) (-6128 -5616 1 ) (-5120 -5616 1 ) (-5120 -6128 1 ) 
